0:0:0:0:0:0:0:1 -  -  [18/Jan/2017:12:17:35 +0000] "GET / HTTP/1.1" 302 0 
0:0:0:0:0:0:0:1 -  -  [18/Jan/2017:12:17:35 +0000] "GET /static/index.html HTTP/1.1" 200 656 
0:0:0:0:0:0:0:1 -  -  [18/Jan/2017:12:17:35 +0000] "GET /openhab.app HTTP/1.1" 200 10331 
0:0:0:0:0:0:0:1 -  -  [18/Jan/2017:12:17:35 +0000] "GET /favicon.ico HTTP/1.1" 404 1410 
0:0:0:0:0:0:0:1 -  -  [18/Jan/2017:12:17:35 +0000] "GET /classicui/WebApp/Design/openHAB.css HTTP/1.1" 200 101 
0:0:0:0:0:0:0:1 -  -  [18/Jan/2017:12:17:35 +0000] "GET /classicui/WebApp/Design/RenderRTL.css HTTP/1.1" 200 2903 
0:0:0:0:0:0:0:1 -  -  [18/Jan/2017:12:17:35 +0000] "GET /classicui/WebApp/Design/Firefox.css HTTP/1.1" 200 3594 
0:0:0:0:0:0:0:1 -  -  [18/Jan/2017:12:17:35 +0000] "GET /classicui/WebApp/Design/Render.css HTTP/1.1" 200 16830 
0:0:0:0:0:0:0:1 -  -  [18/Jan/2017:12:17:35 +0000] "GET /classicui/WebApp/Action/Logic.min.js HTTP/1.1" 200 25268 
0:0:0:0:0:0:0:1 -  -  [18/Jan/2017:12:17:35 +0000] "GET /classicui/jquery.miniColors.css HTTP/1.1" 200 3525 
0:0:0:0:0:0:0:1 -  -  [18/Jan/2017:12:17:35 +0000] "GET /classicui/jquery.miniColors.js HTTP/1.1" 200 20436 
0:0:0:0:0:0:0:1 -  -  [18/Jan/2017:12:17:35 +0000] "GET /classicui/jquery.min.js HTTP/1.1" 200 93637 
0:0:0:0:0:0:0:1 -  -  [18/Jan/2017:12:17:35 +0000] "GET /images/camera.png HTTP/1.1" 200 2018 
0:0:0:0:0:0:0:1 -  -  [18/Jan/2017:12:17:35 +0000] "GET /images/micro.png HTTP/1.1" 200 534 
0:0:0:0:0:0:0:1 -  -  [18/Jan/2017:12:17:35 +0000] "GET /images/none.png HTTP/1.1" 200 132 
0:0:0:0:0:0:0:1 -  -  [18/Jan/2017:12:17:35 +0000] "GET /classicui/WebApp/Design/Img/bg.png HTTP/1.1" 200 115 
0:0:0:0:0:0:0:1 -  -  [18/Jan/2017:12:17:35 +0000] "GET /classicui/WebApp/Design/Img/select.png HTTP/1.1" 200 135 
0:0:0:0:0:0:0:1 -  -  [18/Jan/2017:12:17:35 +0000] "GET /images/switch.png HTTP/1.1" 200 1467 
0:0:0:0:0:0:0:1 -  -  [18/Jan/2017:12:17:35 +0000] "GET /classicui/WebApp/Design/Img/loader-white-100x12x2.png HTTP/1.1" 200 621 
0:0:0:0:0:0:0:1 -  -  [18/Jan/2017:12:17:35 +0000] "GET /classicui/WebApp/Design/Img/loader-white-100x12x4.png HTTP/1.1" 200 615 
0:0:0:0:0:0:0:1 -  -  [18/Jan/2017:12:17:35 +0000] "GET /classicui/WebApp/Design/Img/loader-white-100x12x3.png HTTP/1.1" 200 615 
0:0:0:0:0:0:0:1 -  -  [18/Jan/2017:12:17:35 +0000] "GET /classicui/WebApp/Design/Img/loader-white-100x12x5.png HTTP/1.1" 200 608 
0:0:0:0:0:0:0:1 -  -  [18/Jan/2017:12:17:35 +0000] "GET /classicui/WebApp/Design/Img/loader-white-100x12x1.png HTTP/1.1" 200 608 
0:0:0:0:0:0:0:1 -  -  [18/Jan/2017:12:17:35 +0000] "GET /classicui/WebApp/Design/Img/loader-white-100x12x6.png HTTP/1.1" 200 601 
0:0:0:0:0:0:0:1 -  -  [18/Jan/2017:12:17:35 +0000] "GET /classicui/WebApp/Design/Img/loader-white-100x12x8.png HTTP/1.1" 200 616 
0:0:0:0:0:0:0:1 -  -  [18/Jan/2017:12:17:35 +0000] "GET /classicui/WebApp/Design/Img/loader-white-100x12x9.png HTTP/1.1" 200 604 
0:0:0:0:0:0:0:1 -  -  [18/Jan/2017:12:17:35 +0000] "GET /classicui/WebApp/Design/Img/loader-white-100x12x7.png HTTP/1.1" 200 607 
0:0:0:0:0:0:0:1 -  -  [18/Jan/2017:12:17:35 +0000] "GET /classicui/WebApp/Design/Img/loader-white-100x12x11.png HTTP/1.1" 200 606 
0:0:0:0:0:0:0:1 -  -  [18/Jan/2017:12:17:35 +0000] "GET /classicui/WebApp/Design/Img/loader-white-100x12x10.png HTTP/1.1" 200 608 
0:0:0:0:0:0:0:1 -  -  [18/Jan/2017:12:17:35 +0000] "GET /classicui/WebApp/Design/Img/loader-white-100x12x12.png HTTP/1.1" 200 616 
0:0:0:0:0:0:0:1 -  -  [18/Jan/2017:12:17:35 +0000] "GET /classicui/WebApp/Design/Img/loader-gray-100x12x2.png HTTP/1.1" 200 693 
0:0:0:0:0:0:0:1 -  -  [18/Jan/2017:12:17:35 +0000] "GET /classicui/WebApp/Design/Img/loader-gray-100x12x10.png HTTP/1.1" 200 692 
0:0:0:0:0:0:0:1 -  -  [18/Jan/2017:12:17:35 +0000] "GET /classicui/WebApp/Design/Img/bg-head.png HTTP/1.1" 200 152 
0:0:0:0:0:0:0:1 -  -  [18/Jan/2017:12:17:35 +0000] "GET /classicui/WebApp/Design/Img/loader-big-white-100x12x5.png HTTP/1.1" 200 1914 
0:0:0:0:0:0:0:1 -  -  [18/Jan/2017:12:17:35 +0000] "GET /classicui/WebApp/Design/Img/loader-big-white-100x12x12.png HTTP/1.1" 200 1873 
0:0:0:0:0:0:0:1 -  -  [18/Jan/2017:12:17:35 +0000] "GET /classicui/WebApp/Design/Img/button-back-touch.png HTTP/1.1" 200 932 
0:0:0:0:0:0:0:1 -  -  [18/Jan/2017:12:17:35 +0000] "GET /classicui/WebApp/Design/Img/loader-big-white-100x12x6.png HTTP/1.1" 200 1901 
0:0:0:0:0:0:0:1 -  -  [18/Jan/2017:12:17:35 +0000] "GET /classicui/WebApp/Design/Img/loader-gray-100x12x9.png HTTP/1.1" 200 692 
0:0:0:0:0:0:0:1 -  -  [18/Jan/2017:12:17:35 +0000] "GET /classicui/WebApp/Design/Img/loader-big-white-100x12x3.png HTTP/1.1" 200 1849 
0:0:0:0:0:0:0:1 -  -  [18/Jan/2017:12:17:35 +0000] "GET /classicui/WebApp/Design/Img/loader-gray-100x12x3.png HTTP/1.1" 200 700 
0:0:0:0:0:0:0:1 -  -  [18/Jan/2017:12:17:35 +0000] "GET /classicui/WebApp/Design/Img/check-sel.png HTTP/1.1" 200 290 
0:0:0:0:0:0:0:1 -  -  [18/Jan/2017:12:17:35 +0000] "GET /classicui/WebApp/Design/Img/loader-gray-100x12x1.png HTTP/1.1" 200 701 
0:0:0:0:0:0:0:1 -  -  [18/Jan/2017:12:17:35 +0000] "GET /classicui/WebApp/Design/Img/loader-big-white-100x12x10.png HTTP/1.1" 200 1893 
0:0:0:0:0:0:0:1 -  -  [18/Jan/2017:12:17:35 +0000] "GET /classicui/WebApp/Design/Img/loader-big-white-100x12x7.png HTTP/1.1" 200 1859 
0:0:0:0:0:0:0:1 -  -  [18/Jan/2017:12:17:35 +0000] "GET /classicui/WebApp/Design/Img/loader-gray-100x12x7.png HTTP/1.1" 200 689 
0:0:0:0:0:0:0:1 -  -  [18/Jan/2017:12:17:35 +0000] "GET /classicui/WebApp/Design/Img/loader-big-white-100x12x4.png HTTP/1.1" 200 1923 
0:0:0:0:0:0:0:1 -  -  [18/Jan/2017:12:17:35 +0000] "GET /classicui/WebApp/Design/Img/loader-big-white-100x12x11.png HTTP/1.1" 200 1889 
0:0:0:0:0:0:0:1 -  -  [18/Jan/2017:12:17:35 +0000] "GET /classicui/WebApp/Design/Img/loader-gray-100x12x5.png HTTP/1.1" 200 699 
0:0:0:0:0:0:0:1 -  -  [18/Jan/2017:12:17:35 +0000] "GET /classicui/WebApp/Design/Img/loader-gray-100x12x12.png HTTP/1.1" 200 694 
0:0:0:0:0:0:0:1 -  -  [18/Jan/2017:12:17:35 +0000] "GET /classicui/WebApp/Design/Img/loader-big-white-100x12x9.png HTTP/1.1" 200 1876 
0:0:0:0:0:0:0:1 -  -  [18/Jan/2017:12:17:35 +0000] "GET /classicui/WebApp/Design/Img/loader-gray-100x12x8.png HTTP/1.1" 200 688 
0:0:0:0:0:0:0:1 -  -  [18/Jan/2017:12:17:35 +0000] "GET /classicui/WebApp/Design/Img/loader-gray-100x12x6.png HTTP/1.1" 200 689 
0:0:0:0:0:0:0:1 -  -  [18/Jan/2017:12:17:35 +0000] "GET /classicui/WebApp/Design/Img/loader-big-white-100x12x1.png HTTP/1.1" 200 1873 
0:0:0:0:0:0:0:1 -  -  [18/Jan/2017:12:17:35 +0000] "GET /classicui/WebApp/Design/Img/loader-big-white-100x12x2.png HTTP/1.1" 200 1870 
0:0:0:0:0:0:0:1 -  -  [18/Jan/2017:12:17:35 +0000] "GET /classicui/WebApp/Design/Img/loader-gray-100x12x11.png HTTP/1.1" 200 688 
0:0:0:0:0:0:0:1 -  -  [18/Jan/2017:12:17:35 +0000] "GET /classicui/WebApp/Design/Img/loader-big-white-100x12x8.png HTTP/1.1" 200 1897 
0:0:0:0:0:0:0:1 -  -  [18/Jan/2017:12:17:35 +0000] "GET /classicui/WebApp/Design/Img/loader-gray-100x12x4.png HTTP/1.1" 200 689 
0:0:0:0:0:0:0:1 -  -  [18/Jan/2017:12:17:35 +0000] "GET /classicui/WebApp/Design/Img/button-back.png HTTP/1.1" 200 940 
0:0:0:0:0:0:0:1 -  -  [18/Jan/2017:12:17:35 +0000] "GET /classicui/WebApp/Design/Img/button-simple.png HTTP/1.1" 200 670 
0:0:0:0:0:0:0:1 -  -  [18/Jan/2017:12:17:35 +0000] "GET /classicui/WebApp/Design/Img/button-simple-touch.png HTTP/1.1" 200 665 
0:0:0:0:0:0:0:1 -  -  [18/Jan/2017:12:17:35 +0000] "GET /classicui/WebApp/Design/Img/chevron-select.png HTTP/1.1" 200 196 
0:0:0:0:0:0:0:1 -  -  [18/Jan/2017:12:17:35 +0000] "GET /classicui/WebApp/Design/Img/bg-switch.png HTTP/1.1" 200 157 
0:0:0:0:0:0:0:1 -  -  [18/Jan/2017:12:17:35 +0000] "GET /classicui/WebApp/Design/Img/form-check-text.png HTTP/1.1" 200 122 
0:0:0:0:0:0:0:1 -  -  [18/Jan/2017:12:17:35 +0000] "GET /classicui/WebApp/Design/Img/bg-switch-thumb.png HTTP/1.1" 200 164 
0:0:0:0:0:0:0:1 -  -  [18/Jan/2017:12:17:35 +0000] "GET /classicui/jquery.minicolors.png HTTP/1.1" 200 50867 
0:0:0:0:0:0:0:1 -  -  [18/Jan/2017:12:17:35 +0000] "GET /images/favicon.ico HTTP/1.1" 200 1150 
0:0:0:0:0:0:0:1 -  -  [18/Jan/2017:12:17:41 +0000] "GET /classicui/WebApp/Design/Img/form-check-texton.png HTTP/1.1" 200 121 
0:0:0:0:0:0:0:1 -  -  [18/Jan/2017:12:17:41 +0000] "GET /CMD?camSwitch=TOGGLE&__async=true&__source=waHome HTTP/1.1" 200 13 
0:0:0:0:0:0:0:1 -  -  [18/Jan/2017:12:17:37 +0000] "GET /openhab.app?sitemap=default&poll=true&__async=true&__source=waHome HTTP/1.1" 200 1442 
0:0:0:0:0:0:0:1 -  -  [18/Jan/2017:12:17:48 +0000] "GET /CMD?camSwitch=TOGGLE&__async=true&__source=waHome HTTP/1.1" 200 13 
0:0:0:0:0:0:0:1 -  -  [18/Jan/2017:12:17:41 +0000] "GET /openhab.app?sitemap=default&poll=true&__async=true&__source=waHome HTTP/1.1" 200 1315 
0:0:0:0:0:0:0:1 -  -  [18/Jan/2017:12:17:51 +0000] "GET /CMD?microSwitch=TOGGLE&__async=true&__source=waHome HTTP/1.1" 200 13 
0:0:0:0:0:0:0:1 -  -  [18/Jan/2017:12:17:48 +0000] "GET /openhab.app?sitemap=default&poll=true&__async=true&__source=waHome HTTP/1.1" 200 1327 
0:0:0:0:0:0:0:1 -  -  [18/Jan/2017:12:17:53 +0000] "GET /CMD?microSwitch=TOGGLE&__async=true&__source=waHome HTTP/1.1" 200 13 
0:0:0:0:0:0:0:1 -  -  [18/Jan/2017:12:17:51 +0000] "GET /openhab.app?sitemap=default&poll=true&__async=true&__source=waHome HTTP/1.1" 200 1315 
0:0:0:0:0:0:0:1 -  -  [18/Jan/2017:12:17:56 +0000] "GET /CMD?tuerSwitch=TOGGLE&__async=true&__source=waHome HTTP/1.1" 200 13 
0:0:0:0:0:0:0:1 -  -  [18/Jan/2017:12:17:53 +0000] "GET /openhab.app?sitemap=default&poll=true&__async=true&__source=waHome HTTP/1.1" 200 1345 
0:0:0:0:0:0:0:1 -  -  [18/Jan/2017:12:17:56 +0000] "GET /images/switch-on.png HTTP/1.1" 200 2076 
0:0:0:0:0:0:0:1 -  -  [18/Jan/2017:12:17:56 +0000] "GET /images/door-on.png HTTP/1.1" 200 3904 
0:0:0:0:0:0:0:1 -  -  [18/Jan/2017:12:17:58 +0000] "GET /CMD?tuerSwitch=TOGGLE&__async=true&__source=waHome HTTP/1.1" 200 13 
0:0:0:0:0:0:0:1 -  -  [18/Jan/2017:12:17:56 +0000] "GET /openhab.app?sitemap=default&poll=true&__async=true&__source=waHome HTTP/1.1" 200 1323 
0:0:0:0:0:0:0:1 -  -  [18/Jan/2017:12:17:59 +0000] "GET /images/door-off.png HTTP/1.1" 200 3573 
0:0:0:0:0:0:0:1 -  -  [18/Jan/2017:12:17:59 +0000] "GET /images/switch-off.png HTTP/1.1" 200 1467 
0:0:0:0:0:0:0:1 -  -  [18/Jan/2017:12:17:59 +0000] "GET /openhab.app?sitemap=default&poll=true&__async=true&__source=waHome HTTP/1.1" 200 92 
0:0:0:0:0:0:0:1 -  -  [18/Jan/2017:12:18:09 +0000] "GET /openhab.app?sitemap=default&poll=true&__async=true&__source=waHome HTTP/1.1" 200 92 
0:0:0:0:0:0:0:1 -  -  [18/Jan/2017:12:18:20 +0000] "GET /openhab.app?sitemap=default&poll=true&__async=true&__source=waHome HTTP/1.1" 200 92 
0:0:0:0:0:0:0:1 -  -  [18/Jan/2017:12:18:30 +0000] "GET /openhab.app?sitemap=default&poll=true&__async=true&__source=waHome HTTP/1.1" 200 92 
0:0:0:0:0:0:0:1 -  -  [18/Jan/2017:12:18:41 +0000] "GET /openhab.app?sitemap=default&poll=true&__async=true&__source=waHome HTTP/1.1" 200 92 
0:0:0:0:0:0:0:1 -  -  [18/Jan/2017:12:18:51 +0000] "GET /openhab.app?sitemap=default&poll=true&__async=true&__source=waHome HTTP/1.1" 200 92 
0:0:0:0:0:0:0:1 -  -  [18/Jan/2017:12:19:02 +0000] "GET /openhab.app?sitemap=default&poll=true&__async=true&__source=waHome HTTP/1.1" 200 92 
0:0:0:0:0:0:0:1 -  -  [18/Jan/2017:12:19:12 +0000] "GET /openhab.app?sitemap=default&poll=true&__async=true&__source=waHome HTTP/1.1" 200 92 
0:0:0:0:0:0:0:1 -  -  [18/Jan/2017:12:19:23 +0000] "GET /openhab.app?sitemap=default&poll=true&__async=true&__source=waHome HTTP/1.1" 200 92 
0:0:0:0:0:0:0:1 -  -  [18/Jan/2017:12:19:33 +0000] "GET /openhab.app?sitemap=default&poll=true&__async=true&__source=waHome HTTP/1.1" 200 92 
0:0:0:0:0:0:0:1 -  -  [18/Jan/2017:12:19:44 +0000] "GET /openhab.app?sitemap=default&poll=true&__async=true&__source=waHome HTTP/1.1" 200 92 
0:0:0:0:0:0:0:1 -  -  [18/Jan/2017:12:19:54 +0000] "GET /openhab.app?sitemap=default&poll=true&__async=true&__source=waHome HTTP/1.1" 200 92 
0:0:0:0:0:0:0:1 -  -  [18/Jan/2017:12:20:05 +0000] "GET /openhab.app?sitemap=default&poll=true&__async=true&__source=waHome HTTP/1.1" 200 92 
0:0:0:0:0:0:0:1 -  -  [18/Jan/2017:12:20:15 +0000] "GET /openhab.app?sitemap=default&poll=true&__async=true&__source=waHome HTTP/1.1" 200 92 
0:0:0:0:0:0:0:1 -  -  [18/Jan/2017:12:20:26 +0000] "GET /openhab.app?sitemap=default&poll=true&__async=true&__source=waHome HTTP/1.1" 200 92 
0:0:0:0:0:0:0:1 -  -  [18/Jan/2017:12:20:36 +0000] "GET /openhab.app?sitemap=default&poll=true&__async=true&__source=waHome HTTP/1.1" 200 92 
0:0:0:0:0:0:0:1 -  -  [18/Jan/2017:12:20:47 +0000] "GET /openhab.app?sitemap=default&poll=true&__async=true&__source=waHome HTTP/1.1" 200 92 
0:0:0:0:0:0:0:1 -  -  [18/Jan/2017:12:20:57 +0000] "GET /openhab.app?sitemap=default&poll=true&__async=true&__source=waHome HTTP/1.1" 200 92 
0:0:0:0:0:0:0:1 -  -  [18/Jan/2017:12:21:08 +0000] "GET /openhab.app?sitemap=default&poll=true&__async=true&__source=waHome HTTP/1.1" 200 92 
0:0:0:0:0:0:0:1 -  -  [18/Jan/2017:12:21:19 +0000] "GET /openhab.app?sitemap=default&poll=true&__async=true&__source=waHome HTTP/1.1" 200 92 
0:0:0:0:0:0:0:1 -  -  [18/Jan/2017:12:21:29 +0000] "GET /openhab.app?sitemap=default&poll=true&__async=true&__source=waHome HTTP/1.1" 200 92 
0:0:0:0:0:0:0:1 -  -  [18/Jan/2017:12:21:40 +0000] "GET /openhab.app?sitemap=default&poll=true&__async=true&__source=waHome HTTP/1.1" 200 92 
0:0:0:0:0:0:0:1 -  -  [18/Jan/2017:12:21:50 +0000] "GET /openhab.app?sitemap=default&poll=true&__async=true&__source=waHome HTTP/1.1" 200 92 
0:0:0:0:0:0:0:1 -  -  [18/Jan/2017:12:22:01 +0000] "GET /openhab.app?sitemap=default&poll=true&__async=true&__source=waHome HTTP/1.1" 200 92 
0:0:0:0:0:0:0:1 -  -  [18/Jan/2017:12:22:11 +0000] "GET /openhab.app?sitemap=default&poll=true&__async=true&__source=waHome HTTP/1.1" 200 92 
0:0:0:0:0:0:0:1 -  -  [18/Jan/2017:12:22:22 +0000] "GET /openhab.app?sitemap=default&poll=true&__async=true&__source=waHome HTTP/1.1" 200 92 
0:0:0:0:0:0:0:1 -  -  [18/Jan/2017:12:22:32 +0000] "GET /openhab.app?sitemap=default&poll=true&__async=true&__source=waHome HTTP/1.1" 200 92 
0:0:0:0:0:0:0:1 -  -  [18/Jan/2017:12:22:43 +0000] "GET /openhab.app?sitemap=default&poll=true&__async=true&__source=waHome HTTP/1.1" 200 92 
0:0:0:0:0:0:0:1 -  -  [18/Jan/2017:12:22:53 +0000] "GET /openhab.app?sitemap=default&poll=true&__async=true&__source=waHome HTTP/1.1" 200 92 
0:0:0:0:0:0:0:1 -  -  [18/Jan/2017:12:23:04 +0000] "GET /openhab.app?sitemap=default&poll=true&__async=true&__source=waHome HTTP/1.1" 200 92 
0:0:0:0:0:0:0:1 -  -  [18/Jan/2017:12:23:14 +0000] "GET /openhab.app?sitemap=default&poll=true&__async=true&__source=waHome HTTP/1.1" 200 92 
0:0:0:0:0:0:0:1 -  -  [18/Jan/2017:12:23:25 +0000] "GET /openhab.app?sitemap=default&poll=true&__async=true&__source=waHome HTTP/1.1" 200 92 
0:0:0:0:0:0:0:1 -  -  [18/Jan/2017:12:23:35 +0000] "GET /openhab.app?sitemap=default&poll=true&__async=true&__source=waHome HTTP/1.1" 200 92 
0:0:0:0:0:0:0:1 -  -  [18/Jan/2017:12:23:46 +0000] "GET /openhab.app?sitemap=default&poll=true&__async=true&__source=waHome HTTP/1.1" 200 92 
0:0:0:0:0:0:0:1 -  -  [18/Jan/2017:12:23:56 +0000] "GET /openhab.app?sitemap=default&poll=true&__async=true&__source=waHome HTTP/1.1" 200 92 
0:0:0:0:0:0:0:1 -  -  [18/Jan/2017:12:24:07 +0000] "GET /openhab.app?sitemap=default&poll=true&__async=true&__source=waHome HTTP/1.1" 200 92 
0:0:0:0:0:0:0:1 -  -  [18/Jan/2017:12:24:18 +0000] "GET /openhab.app?sitemap=default&poll=true&__async=true&__source=waHome HTTP/1.1" 200 92 
0:0:0:0:0:0:0:1 -  -  [18/Jan/2017:12:24:28 +0000] "GET /openhab.app?sitemap=default&poll=true&__async=true&__source=waHome HTTP/1.1" 200 92 
0:0:0:0:0:0:0:1 -  -  [18/Jan/2017:12:24:39 +0000] "GET /openhab.app?sitemap=default&poll=true&__async=true&__source=waHome HTTP/1.1" 200 92 
0:0:0:0:0:0:0:1 -  -  [18/Jan/2017:12:24:49 +0000] "GET /openhab.app?sitemap=default&poll=true&__async=true&__source=waHome HTTP/1.1" 200 92 
0:0:0:0:0:0:0:1 -  -  [18/Jan/2017:12:25:00 +0000] "GET /openhab.app?sitemap=default&poll=true&__async=true&__source=waHome HTTP/1.1" 200 92 
0:0:0:0:0:0:0:1 -  -  [18/Jan/2017:12:25:10 +0000] "GET /openhab.app?sitemap=default&poll=true&__async=true&__source=waHome HTTP/1.1" 200 92 
0:0:0:0:0:0:0:1 -  -  [18/Jan/2017:12:25:21 +0000] "GET /openhab.app?sitemap=default&poll=true&__async=true&__source=waHome HTTP/1.1" 200 92 
0:0:0:0:0:0:0:1 -  -  [18/Jan/2017:12:25:31 +0000] "GET /openhab.app?sitemap=default&poll=true&__async=true&__source=waHome HTTP/1.1" 200 92 
0:0:0:0:0:0:0:1 -  -  [18/Jan/2017:12:25:42 +0000] "GET /openhab.app?sitemap=default&poll=true&__async=true&__source=waHome HTTP/1.1" 200 92 
0:0:0:0:0:0:0:1 -  -  [18/Jan/2017:12:25:52 +0000] "GET /openhab.app?sitemap=default&poll=true&__async=true&__source=waHome HTTP/1.1" 200 92 
0:0:0:0:0:0:0:1 -  -  [18/Jan/2017:12:26:03 +0000] "GET /openhab.app?sitemap=default&poll=true&__async=true&__source=waHome HTTP/1.1" 200 92 
0:0:0:0:0:0:0:1 -  -  [18/Jan/2017:12:26:13 +0000] "GET /openhab.app?sitemap=default&poll=true&__async=true&__source=waHome HTTP/1.1" 200 92 
0:0:0:0:0:0:0:1 -  -  [18/Jan/2017:12:26:24 +0000] "GET /openhab.app?sitemap=default&poll=true&__async=true&__source=waHome HTTP/1.1" 200 92 
0:0:0:0:0:0:0:1 -  -  [18/Jan/2017:12:26:34 +0000] "GET /openhab.app?sitemap=default&poll=true&__async=true&__source=waHome HTTP/1.1" 200 92 
0:0:0:0:0:0:0:1 -  -  [18/Jan/2017:12:26:45 +0000] "GET /openhab.app?sitemap=default&poll=true&__async=true&__source=waHome HTTP/1.1" 200 92 
0:0:0:0:0:0:0:1 -  -  [18/Jan/2017:12:26:55 +0000] "GET /openhab.app?sitemap=default&poll=true&__async=true&__source=waHome HTTP/1.1" 200 92 
0:0:0:0:0:0:0:1 -  -  [18/Jan/2017:12:27:06 +0000] "GET /openhab.app?sitemap=default&poll=true&__async=true&__source=waHome HTTP/1.1" 200 92 
0:0:0:0:0:0:0:1 -  -  [18/Jan/2017:12:27:16 +0000] "GET /openhab.app?sitemap=default&poll=true&__async=true&__source=waHome HTTP/1.1" 200 92 
0:0:0:0:0:0:0:1 -  -  [18/Jan/2017:12:27:27 +0000] "GET /openhab.app?sitemap=default&poll=true&__async=true&__source=waHome HTTP/1.1" 200 92 
0:0:0:0:0:0:0:1 -  -  [18/Jan/2017:12:27:38 +0000] "GET /openhab.app?sitemap=default&poll=true&__async=true&__source=waHome HTTP/1.1" 200 92 
0:0:0:0:0:0:0:1 -  -  [18/Jan/2017:12:27:48 +0000] "GET /openhab.app?sitemap=default&poll=true&__async=true&__source=waHome HTTP/1.1" 200 92 
0:0:0:0:0:0:0:1 -  -  [18/Jan/2017:12:27:59 +0000] "GET /openhab.app?sitemap=default&poll=true&__async=true&__source=waHome HTTP/1.1" 200 92 
0:0:0:0:0:0:0:1 -  -  [18/Jan/2017:12:28:09 +0000] "GET /openhab.app?sitemap=default&poll=true&__async=true&__source=waHome HTTP/1.1" 200 92 
0:0:0:0:0:0:0:1 -  -  [18/Jan/2017:12:28:20 +0000] "GET /openhab.app?sitemap=default&poll=true&__async=true&__source=waHome HTTP/1.1" 200 92 
0:0:0:0:0:0:0:1 -  -  [18/Jan/2017:12:28:31 +0000] "GET /openhab.app?sitemap=default&poll=true&__async=true&__source=waHome HTTP/1.1" 200 92 
0:0:0:0:0:0:0:1 -  -  [18/Jan/2017:12:28:41 +0000] "GET /openhab.app?sitemap=default&poll=true&__async=true&__source=waHome HTTP/1.1" 200 92 
0:0:0:0:0:0:0:1 -  -  [18/Jan/2017:12:28:52 +0000] "GET /openhab.app?sitemap=default&poll=true&__async=true&__source=waHome HTTP/1.1" 200 92 
0:0:0:0:0:0:0:1 -  -  [18/Jan/2017:12:29:02 +0000] "GET /openhab.app?sitemap=default&poll=true&__async=true&__source=waHome HTTP/1.1" 200 92 
0:0:0:0:0:0:0:1 -  -  [18/Jan/2017:12:29:13 +0000] "GET /openhab.app?sitemap=default&poll=true&__async=true&__source=waHome HTTP/1.1" 200 92 
0:0:0:0:0:0:0:1 -  -  [18/Jan/2017:12:29:23 +0000] "GET /openhab.app?sitemap=default&poll=true&__async=true&__source=waHome HTTP/1.1" 200 92 
0:0:0:0:0:0:0:1 -  -  [18/Jan/2017:12:29:34 +0000] "GET /openhab.app?sitemap=default&poll=true&__async=true&__source=waHome HTTP/1.1" 200 92 
0:0:0:0:0:0:0:1 -  -  [18/Jan/2017:12:29:44 +0000] "GET /openhab.app?sitemap=default&poll=true&__async=true&__source=waHome HTTP/1.1" 200 92 
0:0:0:0:0:0:0:1 -  -  [18/Jan/2017:12:29:55 +0000] "GET /openhab.app?sitemap=default&poll=true&__async=true&__source=waHome HTTP/1.1" 200 92 
0:0:0:0:0:0:0:1 -  -  [18/Jan/2017:12:30:06 +0000] "GET /openhab.app?sitemap=default&poll=true&__async=true&__source=waHome HTTP/1.1" 200 92 
0:0:0:0:0:0:0:1 -  -  [18/Jan/2017:12:30:16 +0000] "GET /openhab.app?sitemap=default&poll=true&__async=true&__source=waHome HTTP/1.1" 200 92 
0:0:0:0:0:0:0:1 -  -  [18/Jan/2017:12:30:27 +0000] "GET /openhab.app?sitemap=default&poll=true&__async=true&__source=waHome HTTP/1.1" 200 92 
0:0:0:0:0:0:0:1 -  -  [18/Jan/2017:12:30:37 +0000] "GET /openhab.app?sitemap=default&poll=true&__async=true&__source=waHome HTTP/1.1" 200 92 
0:0:0:0:0:0:0:1 -  -  [18/Jan/2017:12:30:48 +0000] "GET /openhab.app?sitemap=default&poll=true&__async=true&__source=waHome HTTP/1.1" 200 92 
0:0:0:0:0:0:0:1 -  -  [18/Jan/2017:12:30:58 +0000] "GET /openhab.app?sitemap=default&poll=true&__async=true&__source=waHome HTTP/1.1" 200 92 
0:0:0:0:0:0:0:1 -  -  [18/Jan/2017:12:31:09 +0000] "GET /openhab.app?sitemap=default&poll=true&__async=true&__source=waHome HTTP/1.1" 200 92 
0:0:0:0:0:0:0:1 -  -  [18/Jan/2017:12:31:19 +0000] "GET /openhab.app?sitemap=default&poll=true&__async=true&__source=waHome HTTP/1.1" 200 92 
0:0:0:0:0:0:0:1 -  -  [18/Jan/2017:12:31:30 +0000] "GET /openhab.app?sitemap=default&poll=true&__async=true&__source=waHome HTTP/1.1" 200 92 
0:0:0:0:0:0:0:1 -  -  [18/Jan/2017:12:31:40 +0000] "GET /openhab.app?sitemap=default&poll=true&__async=true&__source=waHome HTTP/1.1" 200 92 
0:0:0:0:0:0:0:1 -  -  [18/Jan/2017:12:31:51 +0000] "GET /openhab.app?sitemap=default&poll=true&__async=true&__source=waHome HTTP/1.1" 200 92 
0:0:0:0:0:0:0:1 -  -  [18/Jan/2017:12:32:02 +0000] "GET /openhab.app?sitemap=default&poll=true&__async=true&__source=waHome HTTP/1.1" 200 92 
0:0:0:0:0:0:0:1 -  -  [18/Jan/2017:12:32:12 +0000] "GET /openhab.app?sitemap=default&poll=true&__async=true&__source=waHome HTTP/1.1" 200 92 
0:0:0:0:0:0:0:1 -  -  [18/Jan/2017:12:32:23 +0000] "GET /openhab.app?sitemap=default&poll=true&__async=true&__source=waHome HTTP/1.1" 200 92 
0:0:0:0:0:0:0:1 -  -  [18/Jan/2017:12:32:33 +0000] "GET /openhab.app?sitemap=default&poll=true&__async=true&__source=waHome HTTP/1.1" 200 92 
0:0:0:0:0:0:0:1 -  -  [18/Jan/2017:12:32:44 +0000] "GET /openhab.app?sitemap=default&poll=true&__async=true&__source=waHome HTTP/1.1" 200 92 
0:0:0:0:0:0:0:1 -  -  [18/Jan/2017:12:32:54 +0000] "GET /openhab.app?sitemap=default&poll=true&__async=true&__source=waHome HTTP/1.1" 200 92 
0:0:0:0:0:0:0:1 -  -  [18/Jan/2017:12:33:05 +0000] "GET /openhab.app?sitemap=default&poll=true&__async=true&__source=waHome HTTP/1.1" 200 92 
0:0:0:0:0:0:0:1 -  -  [18/Jan/2017:12:33:15 +0000] "GET /openhab.app?sitemap=default&poll=true&__async=true&__source=waHome HTTP/1.1" 200 92 
0:0:0:0:0:0:0:1 -  -  [18/Jan/2017:12:33:26 +0000] "GET /openhab.app?sitemap=default&poll=true&__async=true&__source=waHome HTTP/1.1" 200 92 
0:0:0:0:0:0:0:1 -  -  [18/Jan/2017:12:33:36 +0000] "GET /openhab.app?sitemap=default&poll=true&__async=true&__source=waHome HTTP/1.1" 200 92 
0:0:0:0:0:0:0:1 -  -  [18/Jan/2017:12:33:47 +0000] "GET /openhab.app?sitemap=default&poll=true&__async=true&__source=waHome HTTP/1.1" 200 92 
0:0:0:0:0:0:0:1 -  -  [18/Jan/2017:12:33:57 +0000] "GET /openhab.app?sitemap=default&poll=true&__async=true&__source=waHome HTTP/1.1" 200 92 
0:0:0:0:0:0:0:1 -  -  [18/Jan/2017:12:34:08 +0000] "GET /openhab.app?sitemap=default&poll=true&__async=true&__source=waHome HTTP/1.1" 200 92 
0:0:0:0:0:0:0:1 -  -  [18/Jan/2017:12:34:18 +0000] "GET /openhab.app?sitemap=default&poll=true&__async=true&__source=waHome HTTP/1.1" 200 92 
0:0:0:0:0:0:0:1 -  -  [18/Jan/2017:12:34:29 +0000] "GET /openhab.app?sitemap=default&poll=true&__async=true&__source=waHome HTTP/1.1" 200 92 
0:0:0:0:0:0:0:1 -  -  [18/Jan/2017:12:34:40 +0000] "GET /openhab.app?sitemap=default&poll=true&__async=true&__source=waHome HTTP/1.1" 200 92 
0:0:0:0:0:0:0:1 -  -  [18/Jan/2017:12:34:50 +0000] "GET /openhab.app?sitemap=default&poll=true&__async=true&__source=waHome HTTP/1.1" 200 92 
0:0:0:0:0:0:0:1 -  -  [18/Jan/2017:12:35:01 +0000] "GET /openhab.app?sitemap=default&poll=true&__async=true&__source=waHome HTTP/1.1" 200 92 
0:0:0:0:0:0:0:1 -  -  [18/Jan/2017:12:35:11 +0000] "GET /openhab.app?sitemap=default&poll=true&__async=true&__source=waHome HTTP/1.1" 200 92 
0:0:0:0:0:0:0:1 -  -  [18/Jan/2017:12:35:22 +0000] "GET /openhab.app?sitemap=default&poll=true&__async=true&__source=waHome HTTP/1.1" 200 92 
0:0:0:0:0:0:0:1 -  -  [18/Jan/2017:12:35:32 +0000] "GET /openhab.app?sitemap=default&poll=true&__async=true&__source=waHome HTTP/1.1" 200 92 
0:0:0:0:0:0:0:1 -  -  [18/Jan/2017:12:35:43 +0000] "GET /openhab.app?sitemap=default&poll=true&__async=true&__source=waHome HTTP/1.1" 200 92 
0:0:0:0:0:0:0:1 -  -  [18/Jan/2017:12:35:53 +0000] "GET /openhab.app?sitemap=default&poll=true&__async=true&__source=waHome HTTP/1.1" 200 92 
0:0:0:0:0:0:0:1 -  -  [18/Jan/2017:12:36:04 +0000] "GET /openhab.app?sitemap=default&poll=true&__async=true&__source=waHome HTTP/1.1" 200 92 
0:0:0:0:0:0:0:1 -  -  [18/Jan/2017:12:36:14 +0000] "GET /openhab.app?sitemap=default&poll=true&__async=true&__source=waHome HTTP/1.1" 200 92 
0:0:0:0:0:0:0:1 -  -  [18/Jan/2017:12:36:25 +0000] "GET /openhab.app?sitemap=default&poll=true&__async=true&__source=waHome HTTP/1.1" 200 92 
0:0:0:0:0:0:0:1 -  -  [18/Jan/2017:12:36:35 +0000] "GET /openhab.app?sitemap=default&poll=true&__async=true&__source=waHome HTTP/1.1" 200 92 
0:0:0:0:0:0:0:1 -  -  [18/Jan/2017:12:36:46 +0000] "GET /openhab.app?sitemap=default&poll=true&__async=true&__source=waHome HTTP/1.1" 200 92 
0:0:0:0:0:0:0:1 -  -  [18/Jan/2017:12:36:56 +0000] "GET /openhab.app?sitemap=default&poll=true&__async=true&__source=waHome HTTP/1.1" 200 92 
0:0:0:0:0:0:0:1 -  -  [18/Jan/2017:12:37:07 +0000] "GET /openhab.app?sitemap=default&poll=true&__async=true&__source=waHome HTTP/1.1" 200 92 
0:0:0:0:0:0:0:1 -  -  [18/Jan/2017:12:37:17 +0000] "GET /openhab.app?sitemap=default&poll=true&__async=true&__source=waHome HTTP/1.1" 200 92 
0:0:0:0:0:0:0:1 -  -  [18/Jan/2017:12:37:28 +0000] "GET /openhab.app?sitemap=default&poll=true&__async=true&__source=waHome HTTP/1.1" 200 92 
0:0:0:0:0:0:0:1 -  -  [18/Jan/2017:12:37:39 +0000] "GET /openhab.app?sitemap=default&poll=true&__async=true&__source=waHome HTTP/1.1" 200 92 
0:0:0:0:0:0:0:1 -  -  [18/Jan/2017:12:37:49 +0000] "GET /openhab.app?sitemap=default&poll=true&__async=true&__source=waHome HTTP/1.1" 200 92 
0:0:0:0:0:0:0:1 -  -  [18/Jan/2017:12:38:00 +0000] "GET /openhab.app?sitemap=default&poll=true&__async=true&__source=waHome HTTP/1.1" 200 92 
0:0:0:0:0:0:0:1 -  -  [18/Jan/2017:12:38:10 +0000] "GET /openhab.app?sitemap=default&poll=true&__async=true&__source=waHome HTTP/1.1" 200 92 
0:0:0:0:0:0:0:1 -  -  [18/Jan/2017:12:38:21 +0000] "GET /openhab.app?sitemap=default&poll=true&__async=true&__source=waHome HTTP/1.1" 200 92 
0:0:0:0:0:0:0:1 -  -  [18/Jan/2017:12:38:31 +0000] "GET /openhab.app?sitemap=default&poll=true&__async=true&__source=waHome HTTP/1.1" 200 92 
0:0:0:0:0:0:0:1 -  -  [18/Jan/2017:12:38:42 +0000] "GET /openhab.app?sitemap=default&poll=true&__async=true&__source=waHome HTTP/1.1" 200 92 
0:0:0:0:0:0:0:1 -  -  [18/Jan/2017:12:38:52 +0000] "GET /openhab.app?sitemap=default&poll=true&__async=true&__source=waHome HTTP/1.1" 200 92 
0:0:0:0:0:0:0:1 -  -  [18/Jan/2017:12:39:03 +0000] "GET /openhab.app?sitemap=default&poll=true&__async=true&__source=waHome HTTP/1.1" 200 92 
0:0:0:0:0:0:0:1 -  -  [18/Jan/2017:12:39:13 +0000] "GET /openhab.app?sitemap=default&poll=true&__async=true&__source=waHome HTTP/1.1" 200 92 
0:0:0:0:0:0:0:1 -  -  [18/Jan/2017:12:39:24 +0000] "GET /openhab.app?sitemap=default&poll=true&__async=true&__source=waHome HTTP/1.1" 200 92 
0:0:0:0:0:0:0:1 -  -  [18/Jan/2017:12:39:34 +0000] "GET /openhab.app?sitemap=default&poll=true&__async=true&__source=waHome HTTP/1.1" 200 92 
0:0:0:0:0:0:0:1 -  -  [18/Jan/2017:12:39:45 +0000] "GET /openhab.app?sitemap=default&poll=true&__async=true&__source=waHome HTTP/1.1" 200 92 
0:0:0:0:0:0:0:1 -  -  [18/Jan/2017:12:39:55 +0000] "GET /openhab.app?sitemap=default&poll=true&__async=true&__source=waHome HTTP/1.1" 200 92 
0:0:0:0:0:0:0:1 -  -  [18/Jan/2017:12:40:06 +0000] "GET /openhab.app?sitemap=default&poll=true&__async=true&__source=waHome HTTP/1.1" 200 92 
0:0:0:0:0:0:0:1 -  -  [18/Jan/2017:12:40:16 +0000] "GET /openhab.app?sitemap=default&poll=true&__async=true&__source=waHome HTTP/1.1" 200 92 
0:0:0:0:0:0:0:1 -  -  [18/Jan/2017:12:40:27 +0000] "GET /openhab.app?sitemap=default&poll=true&__async=true&__source=waHome HTTP/1.1" 200 92 
0:0:0:0:0:0:0:1 -  -  [18/Jan/2017:12:40:37 +0000] "GET /openhab.app?sitemap=default&poll=true&__async=true&__source=waHome HTTP/1.1" 200 92 
0:0:0:0:0:0:0:1 -  -  [18/Jan/2017:12:40:48 +0000] "GET /openhab.app?sitemap=default&poll=true&__async=true&__source=waHome HTTP/1.1" 200 92 
0:0:0:0:0:0:0:1 -  -  [18/Jan/2017:12:40:59 +0000] "GET /openhab.app?sitemap=default&poll=true&__async=true&__source=waHome HTTP/1.1" 200 92 
0:0:0:0:0:0:0:1 -  -  [18/Jan/2017:12:41:09 +0000] "GET /openhab.app?sitemap=default&poll=true&__async=true&__source=waHome HTTP/1.1" 200 92 
0:0:0:0:0:0:0:1 -  -  [18/Jan/2017:12:41:20 +0000] "GET /openhab.app?sitemap=default&poll=true&__async=true&__source=waHome HTTP/1.1" 200 92 
0:0:0:0:0:0:0:1 -  -  [18/Jan/2017:12:41:30 +0000] "GET /openhab.app?sitemap=default&poll=true&__async=true&__source=waHome HTTP/1.1" 200 92 
0:0:0:0:0:0:0:1 -  -  [18/Jan/2017:12:41:41 +0000] "GET /openhab.app?sitemap=default&poll=true&__async=true&__source=waHome HTTP/1.1" 200 92 
0:0:0:0:0:0:0:1 -  -  [18/Jan/2017:12:41:51 +0000] "GET /openhab.app?sitemap=default&poll=true&__async=true&__source=waHome HTTP/1.1" 200 92 
0:0:0:0:0:0:0:1 -  -  [18/Jan/2017:12:42:02 +0000] "GET /openhab.app?sitemap=default&poll=true&__async=true&__source=waHome HTTP/1.1" 200 92 
0:0:0:0:0:0:0:1 -  -  [18/Jan/2017:12:42:12 +0000] "GET /openhab.app?sitemap=default&poll=true&__async=true&__source=waHome HTTP/1.1" 200 92 
0:0:0:0:0:0:0:1 -  -  [18/Jan/2017:12:42:23 +0000] "GET /openhab.app?sitemap=default&poll=true&__async=true&__source=waHome HTTP/1.1" 200 92 
0:0:0:0:0:0:0:1 -  -  [18/Jan/2017:12:42:33 +0000] "GET /openhab.app?sitemap=default&poll=true&__async=true&__source=waHome HTTP/1.1" 200 92 
0:0:0:0:0:0:0:1 -  -  [18/Jan/2017:12:42:44 +0000] "GET /openhab.app?sitemap=default&poll=true&__async=true&__source=waHome HTTP/1.1" 200 92 
0:0:0:0:0:0:0:1 -  -  [18/Jan/2017:12:42:54 +0000] "GET /openhab.app?sitemap=default&poll=true&__async=true&__source=waHome HTTP/1.1" 200 92 
0:0:0:0:0:0:0:1 -  -  [18/Jan/2017:12:43:05 +0000] "GET /openhab.app?sitemap=default&poll=true&__async=true&__source=waHome HTTP/1.1" 200 92 
0:0:0:0:0:0:0:1 -  -  [18/Jan/2017:12:43:15 +0000] "GET /openhab.app?sitemap=default&poll=true&__async=true&__source=waHome HTTP/1.1" 200 92 
0:0:0:0:0:0:0:1 -  -  [18/Jan/2017:12:43:26 +0000] "GET /openhab.app?sitemap=default&poll=true&__async=true&__source=waHome HTTP/1.1" 200 92 
0:0:0:0:0:0:0:1 -  -  [18/Jan/2017:12:43:36 +0000] "GET /openhab.app?sitemap=default&poll=true&__async=true&__source=waHome HTTP/1.1" 200 92 
0:0:0:0:0:0:0:1 -  -  [18/Jan/2017:12:43:47 +0000] "GET /openhab.app?sitemap=default&poll=true&__async=true&__source=waHome HTTP/1.1" 200 92 
0:0:0:0:0:0:0:1 -  -  [18/Jan/2017:12:43:57 +0000] "GET /openhab.app?sitemap=default&poll=true&__async=true&__source=waHome HTTP/1.1" 200 92 
0:0:0:0:0:0:0:1 -  -  [18/Jan/2017:12:44:08 +0000] "GET /openhab.app?sitemap=default&poll=true&__async=true&__source=waHome HTTP/1.1" 200 92 
0:0:0:0:0:0:0:1 -  -  [18/Jan/2017:12:44:18 +0000] "GET /openhab.app?sitemap=default&poll=true&__async=true&__source=waHome HTTP/1.1" 200 92 
0:0:0:0:0:0:0:1 -  -  [18/Jan/2017:12:44:29 +0000] "GET /openhab.app?sitemap=default&poll=true&__async=true&__source=waHome HTTP/1.1" 200 92 
0:0:0:0:0:0:0:1 -  -  [18/Jan/2017:12:44:39 +0000] "GET /openhab.app?sitemap=default&poll=true&__async=true&__source=waHome HTTP/1.1" 200 92 
0:0:0:0:0:0:0:1 -  -  [18/Jan/2017:12:44:50 +0000] "GET /openhab.app?sitemap=default&poll=true&__async=true&__source=waHome HTTP/1.1" 200 92 
0:0:0:0:0:0:0:1 -  -  [18/Jan/2017:12:45:01 +0000] "GET /openhab.app?sitemap=default&poll=true&__async=true&__source=waHome HTTP/1.1" 200 92 
0:0:0:0:0:0:0:1 -  -  [18/Jan/2017:12:45:11 +0000] "GET /openhab.app?sitemap=default&poll=true&__async=true&__source=waHome HTTP/1.1" 200 92 
0:0:0:0:0:0:0:1 -  -  [18/Jan/2017:12:45:22 +0000] "GET /openhab.app?sitemap=default&poll=true&__async=true&__source=waHome HTTP/1.1" 200 92 
0:0:0:0:0:0:0:1 -  -  [18/Jan/2017:12:45:32 +0000] "GET /openhab.app?sitemap=default&poll=true&__async=true&__source=waHome HTTP/1.1" 200 92 
0:0:0:0:0:0:0:1 -  -  [18/Jan/2017:12:45:43 +0000] "GET /openhab.app?sitemap=default&poll=true&__async=true&__source=waHome HTTP/1.1" 200 92 
0:0:0:0:0:0:0:1 -  -  [18/Jan/2017:12:45:53 +0000] "GET /openhab.app?sitemap=default&poll=true&__async=true&__source=waHome HTTP/1.1" 200 92 
0:0:0:0:0:0:0:1 -  -  [18/Jan/2017:12:46:04 +0000] "GET /openhab.app?sitemap=default&poll=true&__async=true&__source=waHome HTTP/1.1" 200 92 
0:0:0:0:0:0:0:1 -  -  [18/Jan/2017:12:46:14 +0000] "GET /openhab.app?sitemap=default&poll=true&__async=true&__source=waHome HTTP/1.1" 200 92 
0:0:0:0:0:0:0:1 -  -  [18/Jan/2017:12:46:25 +0000] "GET /openhab.app?sitemap=default&poll=true&__async=true&__source=waHome HTTP/1.1" 200 92 
0:0:0:0:0:0:0:1 -  -  [18/Jan/2017:12:46:35 +0000] "GET /openhab.app?sitemap=default&poll=true&__async=true&__source=waHome HTTP/1.1" 200 92 
0:0:0:0:0:0:0:1 -  -  [18/Jan/2017:12:46:46 +0000] "GET /openhab.app?sitemap=default&poll=true&__async=true&__source=waHome HTTP/1.1" 200 92 
0:0:0:0:0:0:0:1 -  -  [18/Jan/2017:12:46:56 +0000] "GET /openhab.app?sitemap=default&poll=true&__async=true&__source=waHome HTTP/1.1" 200 92 
0:0:0:0:0:0:0:1 -  -  [18/Jan/2017:12:47:07 +0000] "GET /openhab.app?sitemap=default&poll=true&__async=true&__source=waHome HTTP/1.1" 200 92 
0:0:0:0:0:0:0:1 -  -  [18/Jan/2017:12:47:18 +0000] "GET /openhab.app?sitemap=default&poll=true&__async=true&__source=waHome HTTP/1.1" 200 92 
0:0:0:0:0:0:0:1 -  -  [18/Jan/2017:12:47:28 +0000] "GET /openhab.app?sitemap=default&poll=true&__async=true&__source=waHome HTTP/1.1" 200 92 
0:0:0:0:0:0:0:1 -  -  [18/Jan/2017:12:47:39 +0000] "GET /openhab.app?sitemap=default&poll=true&__async=true&__source=waHome HTTP/1.1" 200 92 
0:0:0:0:0:0:0:1 -  -  [18/Jan/2017:12:47:49 +0000] "GET /openhab.app?sitemap=default&poll=true&__async=true&__source=waHome HTTP/1.1" 200 92 
0:0:0:0:0:0:0:1 -  -  [18/Jan/2017:12:48:00 +0000] "GET /openhab.app?sitemap=default&poll=true&__async=true&__source=waHome HTTP/1.1" 200 92 
0:0:0:0:0:0:0:1 -  -  [18/Jan/2017:12:48:10 +0000] "GET /openhab.app?sitemap=default&poll=true&__async=true&__source=waHome HTTP/1.1" 200 92 
0:0:0:0:0:0:0:1 -  -  [18/Jan/2017:12:48:21 +0000] "GET /openhab.app?sitemap=default&poll=true&__async=true&__source=waHome HTTP/1.1" 200 92 
0:0:0:0:0:0:0:1 -  -  [18/Jan/2017:12:48:31 +0000] "GET /openhab.app?sitemap=default&poll=true&__async=true&__source=waHome HTTP/1.1" 200 92 
0:0:0:0:0:0:0:1 -  -  [18/Jan/2017:12:48:42 +0000] "GET /openhab.app?sitemap=default&poll=true&__async=true&__source=waHome HTTP/1.1" 200 92 
0:0:0:0:0:0:0:1 -  -  [18/Jan/2017:12:48:52 +0000] "GET /openhab.app?sitemap=default&poll=true&__async=true&__source=waHome HTTP/1.1" 200 92 
0:0:0:0:0:0:0:1 -  -  [18/Jan/2017:12:49:03 +0000] "GET /openhab.app?sitemap=default&poll=true&__async=true&__source=waHome HTTP/1.1" 200 92 
0:0:0:0:0:0:0:1 -  -  [18/Jan/2017:12:49:13 +0000] "GET /openhab.app?sitemap=default&poll=true&__async=true&__source=waHome HTTP/1.1" 200 92 
0:0:0:0:0:0:0:1 -  -  [18/Jan/2017:12:49:24 +0000] "GET /openhab.app?sitemap=default&poll=true&__async=true&__source=waHome HTTP/1.1" 200 92 
0:0:0:0:0:0:0:1 -  -  [18/Jan/2017:12:49:34 +0000] "GET /openhab.app?sitemap=default&poll=true&__async=true&__source=waHome HTTP/1.1" 200 92 
0:0:0:0:0:0:0:1 -  -  [18/Jan/2017:12:49:45 +0000] "GET /openhab.app?sitemap=default&poll=true&__async=true&__source=waHome HTTP/1.1" 200 92 
0:0:0:0:0:0:0:1 -  -  [18/Jan/2017:12:49:55 +0000] "GET /openhab.app?sitemap=default&poll=true&__async=true&__source=waHome HTTP/1.1" 200 92 
0:0:0:0:0:0:0:1 -  -  [18/Jan/2017:12:50:06 +0000] "GET /openhab.app?sitemap=default&poll=true&__async=true&__source=waHome HTTP/1.1" 200 92 
0:0:0:0:0:0:0:1 -  -  [18/Jan/2017:12:50:17 +0000] "GET /openhab.app?sitemap=default&poll=true&__async=true&__source=waHome HTTP/1.1" 200 92 
0:0:0:0:0:0:0:1 -  -  [18/Jan/2017:12:50:27 +0000] "GET /openhab.app?sitemap=default&poll=true&__async=true&__source=waHome HTTP/1.1" 200 92 
0:0:0:0:0:0:0:1 -  -  [18/Jan/2017:12:50:38 +0000] "GET /openhab.app?sitemap=default&poll=true&__async=true&__source=waHome HTTP/1.1" 200 92 
0:0:0:0:0:0:0:1 -  -  [18/Jan/2017:12:50:48 +0000] "GET /openhab.app?sitemap=default&poll=true&__async=true&__source=waHome HTTP/1.1" 200 92 
0:0:0:0:0:0:0:1 -  -  [18/Jan/2017:12:50:59 +0000] "GET /openhab.app?sitemap=default&poll=true&__async=true&__source=waHome HTTP/1.1" 200 92 
0:0:0:0:0:0:0:1 -  -  [18/Jan/2017:12:51:09 +0000] "GET /openhab.app?sitemap=default&poll=true&__async=true&__source=waHome HTTP/1.1" 200 92 
0:0:0:0:0:0:0:1 -  -  [18/Jan/2017:12:51:20 +0000] "GET /openhab.app?sitemap=default&poll=true&__async=true&__source=waHome HTTP/1.1" 200 92 
0:0:0:0:0:0:0:1 -  -  [18/Jan/2017:12:51:30 +0000] "GET /openhab.app?sitemap=default&poll=true&__async=true&__source=waHome HTTP/1.1" 200 92 
0:0:0:0:0:0:0:1 -  -  [18/Jan/2017:12:51:41 +0000] "GET /openhab.app?sitemap=default&poll=true&__async=true&__source=waHome HTTP/1.1" 200 92 
0:0:0:0:0:0:0:1 -  -  [18/Jan/2017:12:51:51 +0000] "GET /openhab.app?sitemap=default&poll=true&__async=true&__source=waHome HTTP/1.1" 200 92 
0:0:0:0:0:0:0:1 -  -  [18/Jan/2017:12:52:02 +0000] "GET /openhab.app?sitemap=default&poll=true&__async=true&__source=waHome HTTP/1.1" 200 92 
0:0:0:0:0:0:0:1 -  -  [18/Jan/2017:12:52:12 +0000] "GET /openhab.app?sitemap=default&poll=true&__async=true&__source=waHome HTTP/1.1" 200 92 
0:0:0:0:0:0:0:1 -  -  [18/Jan/2017:12:52:23 +0000] "GET /openhab.app?sitemap=default&poll=true&__async=true&__source=waHome HTTP/1.1" 200 92 
0:0:0:0:0:0:0:1 -  -  [18/Jan/2017:12:52:33 +0000] "GET /openhab.app?sitemap=default&poll=true&__async=true&__source=waHome HTTP/1.1" 200 92 
0:0:0:0:0:0:0:1 -  -  [18/Jan/2017:12:52:44 +0000] "GET /openhab.app?sitemap=default&poll=true&__async=true&__source=waHome HTTP/1.1" 200 92 
0:0:0:0:0:0:0:1 -  -  [18/Jan/2017:12:52:55 +0000] "GET /openhab.app?sitemap=default&poll=true&__async=true&__source=waHome HTTP/1.1" 200 92 
0:0:0:0:0:0:0:1 -  -  [18/Jan/2017:12:53:05 +0000] "GET /openhab.app?sitemap=default&poll=true&__async=true&__source=waHome HTTP/1.1" 200 92 
0:0:0:0:0:0:0:1 -  -  [18/Jan/2017:12:53:16 +0000] "GET /openhab.app?sitemap=default&poll=true&__async=true&__source=waHome HTTP/1.1" 200 92 
0:0:0:0:0:0:0:1 -  -  [18/Jan/2017:12:53:26 +0000] "GET /openhab.app?sitemap=default&poll=true&__async=true&__source=waHome HTTP/1.1" 200 92 
0:0:0:0:0:0:0:1 -  -  [18/Jan/2017:12:53:37 +0000] "GET /openhab.app?sitemap=default&poll=true&__async=true&__source=waHome HTTP/1.1" 200 92 
0:0:0:0:0:0:0:1 -  -  [18/Jan/2017:12:53:47 +0000] "GET /openhab.app?sitemap=default&poll=true&__async=true&__source=waHome HTTP/1.1" 200 92 
0:0:0:0:0:0:0:1 -  -  [18/Jan/2017:12:53:58 +0000] "GET /openhab.app?sitemap=default&poll=true&__async=true&__source=waHome HTTP/1.1" 200 92 
0:0:0:0:0:0:0:1 -  -  [18/Jan/2017:12:54:09 +0000] "GET /openhab.app?sitemap=default&poll=true&__async=true&__source=waHome HTTP/1.1" 200 92 
0:0:0:0:0:0:0:1 -  -  [18/Jan/2017:12:54:19 +0000] "GET /openhab.app?sitemap=default&poll=true&__async=true&__source=waHome HTTP/1.1" 200 92 
0:0:0:0:0:0:0:1 -  -  [18/Jan/2017:12:54:30 +0000] "GET /openhab.app?sitemap=default&poll=true&__async=true&__source=waHome HTTP/1.1" 200 92 
0:0:0:0:0:0:0:1 -  -  [18/Jan/2017:12:54:40 +0000] "GET /openhab.app?sitemap=default&poll=true&__async=true&__source=waHome HTTP/1.1" 200 92 
0:0:0:0:0:0:0:1 -  -  [18/Jan/2017:12:54:51 +0000] "GET /openhab.app?sitemap=default&poll=true&__async=true&__source=waHome HTTP/1.1" 200 92 
0:0:0:0:0:0:0:1 -  -  [18/Jan/2017:12:55:01 +0000] "GET /openhab.app?sitemap=default&poll=true&__async=true&__source=waHome HTTP/1.1" 200 92 
0:0:0:0:0:0:0:1 -  -  [18/Jan/2017:12:55:12 +0000] "GET /openhab.app?sitemap=default&poll=true&__async=true&__source=waHome HTTP/1.1" 200 92 
0:0:0:0:0:0:0:1 -  -  [18/Jan/2017:12:55:22 +0000] "GET /openhab.app?sitemap=default&poll=true&__async=true&__source=waHome HTTP/1.1" 200 92 
0:0:0:0:0:0:0:1 -  -  [18/Jan/2017:12:55:33 +0000] "GET /openhab.app?sitemap=default&poll=true&__async=true&__source=waHome HTTP/1.1" 200 92 
0:0:0:0:0:0:0:1 -  -  [18/Jan/2017:12:55:43 +0000] "GET /openhab.app?sitemap=default&poll=true&__async=true&__source=waHome HTTP/1.1" 200 92 
0:0:0:0:0:0:0:1 -  -  [18/Jan/2017:12:55:54 +0000] "GET /openhab.app?sitemap=default&poll=true&__async=true&__source=waHome HTTP/1.1" 200 92 
0:0:0:0:0:0:0:1 -  -  [18/Jan/2017:12:56:05 +0000] "GET /openhab.app?sitemap=default&poll=true&__async=true&__source=waHome HTTP/1.1" 200 92 
0:0:0:0:0:0:0:1 -  -  [18/Jan/2017:12:56:15 +0000] "GET /openhab.app?sitemap=default&poll=true&__async=true&__source=waHome HTTP/1.1" 200 92 
0:0:0:0:0:0:0:1 -  -  [18/Jan/2017:12:56:26 +0000] "GET /openhab.app?sitemap=default&poll=true&__async=true&__source=waHome HTTP/1.1" 200 92 
0:0:0:0:0:0:0:1 -  -  [18/Jan/2017:12:56:36 +0000] "GET /openhab.app?sitemap=default&poll=true&__async=true&__source=waHome HTTP/1.1" 200 92 
0:0:0:0:0:0:0:1 -  -  [18/Jan/2017:12:56:47 +0000] "GET /openhab.app?sitemap=default&poll=true&__async=true&__source=waHome HTTP/1.1" 200 92 
0:0:0:0:0:0:0:1 -  -  [18/Jan/2017:12:56:57 +0000] "GET /openhab.app?sitemap=default&poll=true&__async=true&__source=waHome HTTP/1.1" 200 92 
0:0:0:0:0:0:0:1 -  -  [18/Jan/2017:12:57:08 +0000] "GET /openhab.app?sitemap=default&poll=true&__async=true&__source=waHome HTTP/1.1" 200 92 
0:0:0:0:0:0:0:1 -  -  [18/Jan/2017:12:57:18 +0000] "GET /openhab.app?sitemap=default&poll=true&__async=true&__source=waHome HTTP/1.1" 200 92 
0:0:0:0:0:0:0:1 -  -  [18/Jan/2017:12:57:29 +0000] "GET /openhab.app?sitemap=default&poll=true&__async=true&__source=waHome HTTP/1.1" 200 92 
0:0:0:0:0:0:0:1 -  -  [18/Jan/2017:12:57:40 +0000] "GET /openhab.app?sitemap=default&poll=true&__async=true&__source=waHome HTTP/1.1" 200 92 
0:0:0:0:0:0:0:1 -  -  [18/Jan/2017:12:57:50 +0000] "GET /openhab.app?sitemap=default&poll=true&__async=true&__source=waHome HTTP/1.1" 200 92 
0:0:0:0:0:0:0:1 -  -  [18/Jan/2017:12:58:01 +0000] "GET /openhab.app?sitemap=default&poll=true&__async=true&__source=waHome HTTP/1.1" 200 92 
0:0:0:0:0:0:0:1 -  -  [18/Jan/2017:12:58:11 +0000] "GET /openhab.app?sitemap=default&poll=true&__async=true&__source=waHome HTTP/1.1" 200 92 
0:0:0:0:0:0:0:1 -  -  [18/Jan/2017:12:58:22 +0000] "GET /openhab.app?sitemap=default&poll=true&__async=true&__source=waHome HTTP/1.1" 200 92 
0:0:0:0:0:0:0:1 -  -  [18/Jan/2017:12:58:32 +0000] "GET /openhab.app?sitemap=default&poll=true&__async=true&__source=waHome HTTP/1.1" 200 92 
0:0:0:0:0:0:0:1 -  -  [18/Jan/2017:12:58:43 +0000] "GET /openhab.app?sitemap=default&poll=true&__async=true&__source=waHome HTTP/1.1" 200 92 
0:0:0:0:0:0:0:1 -  -  [18/Jan/2017:12:58:54 +0000] "GET /openhab.app?sitemap=default&poll=true&__async=true&__source=waHome HTTP/1.1" 200 92 
