2017-02-06 14:02:31 - raspiLED state updated to OFF
2017-02-06 14:02:31 - taster state updated to CLOSED
2017-02-06 14:02:31 - LED2 state updated to OFF
2017-02-06 14:02:38 - taster state updated to OPEN
2017-02-06 14:02:39 - LED2 received command ON
2017-02-06 14:02:42 - LED2 received command OFF
2017-02-06 14:02:44 - taster state updated to OPEN
2017-02-06 14:03:02 - taster state updated to OPEN
2017-02-06 14:03:40 - raspiLED state updated to OFF
2017-02-06 14:03:40 - taster state updated to CLOSED
2017-02-06 14:03:40 - LED2 state updated to OFF
2017-02-06 14:03:47 - taster state updated to OPEN
2017-02-06 14:03:47 - taster state updated to CLOSED
2017-02-06 14:03:48 - LED2 received command ON
2017-02-06 14:03:50 - LED2 received command OFF
2017-02-06 14:03:51 - taster state updated to OPEN
2017-02-06 14:03:51 - LED2 received command ON
2017-02-06 14:03:51 - taster state updated to OPEN
2017-02-06 14:03:51 - taster state updated to CLOSED
2017-02-06 14:03:53 - LED2 received command OFF
2017-02-06 14:03:54 - taster state updated to OPEN
2017-02-06 14:03:54 - LED2 received command ON
2017-02-06 14:03:54 - taster state updated to CLOSED
2017-02-06 14:03:56 - LED2 received command OFF
2017-02-06 14:03:57 - taster state updated to OPEN
2017-02-06 14:03:57 - LED2 received command ON
2017-02-06 14:03:57 - taster state updated to OPEN
2017-02-06 14:03:57 - taster state updated to OPEN
2017-02-06 14:03:57 - taster state updated to OPEN
2017-02-06 14:03:57 - taster state updated to CLOSED
2017-02-06 14:03:59 - LED2 received command OFF
2017-02-06 14:04:02 - taster state updated to OPEN
2017-02-06 14:04:02 - LED2 received command ON
2017-02-06 14:04:02 - taster state updated to CLOSED
2017-02-06 14:04:03 - taster state updated to OPEN
2017-02-06 14:04:03 - LED2 received command ON
2017-02-06 14:04:03 - taster state updated to CLOSED
2017-02-06 14:04:04 - taster state updated to OPEN
2017-02-06 14:04:04 - LED2 received command ON
2017-02-06 14:04:04 - taster state updated to OPEN
2017-02-06 14:04:04 - taster state updated to CLOSED
2017-02-06 14:04:04 - taster state updated to OPEN
2017-02-06 14:04:04 - LED2 received command ON
2017-02-06 14:04:04 - taster state updated to CLOSED
2017-02-06 14:04:04 - LED2 received command OFF
2017-02-06 14:04:05 - taster state updated to OPEN
2017-02-06 14:04:05 - LED2 received command ON
2017-02-06 14:04:05 - taster state updated to CLOSED
2017-02-06 14:04:05 - LED2 received command OFF
2017-02-06 14:04:06 - LED2 received command OFF
2017-02-06 14:04:06 - LED2 received command OFF
2017-02-06 14:04:07 - LED2 received command OFF
2017-02-06 14:04:08 - taster state updated to OPEN
2017-02-06 14:04:08 - LED2 received command ON
2017-02-06 14:04:08 - taster state updated to CLOSED
2017-02-06 14:04:10 - LED2 received command OFF
2017-02-06 14:04:11 - taster state updated to OPEN
2017-02-06 14:04:11 - LED2 received command ON
2017-02-06 14:04:11 - taster state updated to CLOSED
2017-02-06 14:04:13 - LED2 received command OFF
2017-02-06 14:04:15 - taster state updated to OPEN
2017-02-06 14:04:15 - LED2 received command ON
2017-02-06 14:04:15 - taster state updated to OPEN
2017-02-06 14:04:15 - taster state updated to CLOSED
2017-02-06 14:04:17 - LED2 received command OFF
2017-02-06 14:04:37 - taster state updated to OPEN
2017-02-06 14:04:37 - LED2 received command ON
2017-02-06 14:04:37 - taster state updated to CLOSED
2017-02-06 14:04:39 - LED2 received command OFF
2017-02-06 14:04:51 - tuerSwitch received command ON
2017-02-06 14:04:51 - raspiLED received command ON
2017-02-06 14:04:51 - tuerSwitch received command OFF
2017-02-06 14:04:52 - raspiLED received command OFF
2017-02-06 14:04:54 - tuerSwitch received command ON
2017-02-06 14:04:54 - raspiLED received command ON
2017-02-06 14:04:55 - tuerSwitch received command OFF
2017-02-06 14:04:55 - raspiLED received command OFF
2017-02-06 14:04:56 - tuerSwitch received command ON
2017-02-06 14:04:56 - raspiLED received command ON
2017-02-06 14:04:56 - tuerSwitch received command OFF
2017-02-06 14:04:56 - raspiLED received command OFF
2017-02-06 14:04:58 - testSwitch received command ON
2017-02-06 14:04:59 - testSwitch received command OFF
2017-02-06 14:05:01 - camSwitch received command ON
2017-02-06 14:05:36 - camSwitch received command OFF
2017-02-06 14:05:37 - camSwitch received command ON
2017-02-06 14:05:41 - tuerSwitch received command ON
2017-02-06 14:05:41 - raspiLED received command ON
2017-02-06 14:06:03 - tuerSwitch received command OFF
2017-02-06 14:06:03 - raspiLED received command OFF
2017-02-06 14:06:46 - camSwitch received command OFF
2017-02-06 14:06:47 - camSwitch received command ON
2017-02-06 14:06:51 - tuerSwitch received command ON
2017-02-06 14:06:51 - raspiLED received command ON
2017-02-06 14:06:57 - tuerSwitch received command OFF
2017-02-06 14:06:57 - raspiLED received command OFF
2017-02-06 14:06:59 - camSwitch received command OFF
2017-02-06 14:07:00 - camSwitch received command ON
2017-02-06 14:07:05 - camSwitch received command OFF
2017-02-06 14:07:06 - camSwitch received command ON
2017-02-06 14:07:11 - taster state updated to OPEN
2017-02-06 14:07:11 - LED2 received command ON
2017-02-06 14:07:11 - taster state updated to CLOSED
2017-02-06 14:07:13 - LED2 received command OFF
2017-02-06 14:07:13 - tuerSwitch received command ON
2017-02-06 14:07:13 - raspiLED received command ON
2017-02-06 14:07:15 - tuerSwitch received command OFF
2017-02-06 14:07:15 - raspiLED received command OFF
2017-02-06 14:07:17 - tuerSwitch received command ON
2017-02-06 14:07:17 - raspiLED received command ON
2017-02-06 14:07:20 - tuerSwitch received command OFF
2017-02-06 14:07:20 - raspiLED received command OFF
2017-02-06 14:07:24 - tuerSwitch received command ON
2017-02-06 14:07:24 - raspiLED received command ON
2017-02-06 14:10:23 - taster state updated to OPEN
2017-02-06 14:10:23 - LED2 received command ON
2017-02-06 14:10:23 - taster state updated to CLOSED
2017-02-06 14:10:25 - LED2 received command OFF
2017-02-06 14:10:25 - taster state updated to OPEN
2017-02-06 14:10:25 - LED2 received command ON
2017-02-06 14:10:25 - taster state updated to CLOSED
2017-02-06 14:10:27 - LED2 received command OFF
2017-02-06 14:10:31 - taster state updated to OPEN
2017-02-06 14:10:31 - LED2 received command ON
2017-02-06 14:10:31 - taster state updated to CLOSED
2017-02-06 14:10:33 - LED2 received command OFF
2017-02-06 14:10:35 - taster state updated to OPEN
2017-02-06 14:10:35 - LED2 received command ON
2017-02-06 14:10:35 - taster state updated to OPEN
2017-02-06 14:10:35 - taster state updated to CLOSED
2017-02-06 14:10:35 - taster state updated to CLOSED
2017-02-06 14:10:37 - LED2 received command OFF
2017-02-06 14:10:41 - taster state updated to OPEN
2017-02-06 14:10:42 - LED2 received command ON
2017-02-06 14:10:42 - taster state updated to CLOSED
2017-02-06 14:10:44 - LED2 received command OFF
2017-02-06 14:10:44 - taster state updated to OPEN
2017-02-06 14:10:44 - LED2 received command ON
2017-02-06 14:10:45 - taster state updated to OPEN
2017-02-06 14:10:45 - taster state updated to CLOSED
2017-02-06 14:10:46 - LED2 received command OFF
2017-02-06 14:10:49 - taster state updated to OPEN
2017-02-06 14:10:49 - LED2 received command ON
2017-02-06 14:10:49 - taster state updated to OPEN
2017-02-06 14:10:49 - taster state updated to CLOSED
2017-02-06 14:10:51 - LED2 received command OFF
2017-02-06 14:11:42 - taster state updated to OPEN
2017-02-06 14:11:42 - LED2 received command ON
2017-02-06 14:11:42 - taster state updated to CLOSED
2017-02-06 14:11:44 - LED2 received command OFF
2017-02-06 14:12:27 - taster state updated to OPEN
2017-02-06 14:12:27 - LED2 received command ON
2017-02-06 14:12:28 - taster state updated to CLOSED
2017-02-06 14:12:29 - LED2 received command OFF
2017-02-06 14:13:08 - taster state updated to OPEN
2017-02-06 14:13:08 - LED2 received command ON
2017-02-06 14:13:08 - taster state updated to CLOSED
2017-02-06 14:13:10 - LED2 received command OFF
2017-02-06 14:14:04 - taster state updated to OPEN
2017-02-06 14:14:04 - LED2 received command ON
2017-02-06 14:14:04 - taster state updated to CLOSED
2017-02-06 14:14:06 - LED2 received command OFF
2017-02-06 14:16:31 - raspiLED state updated to OFF
2017-02-06 14:16:31 - taster state updated to CLOSED
2017-02-06 14:16:31 - LED2 state updated to OFF
2017-02-06 14:16:53 - taster state updated to OPEN
2017-02-06 14:16:53 - taster state updated to CLOSED
2017-02-06 14:16:54 - LED2 received command ON
2017-02-06 14:16:56 - LED2 received command OFF
2017-02-06 14:17:00 - taster state updated to OPEN
2017-02-06 14:17:00 - LED2 received command ON
2017-02-06 14:17:01 - taster state updated to CLOSED
2017-02-06 14:17:03 - LED2 received command OFF
2017-02-06 14:17:03 - taster state updated to OPEN
2017-02-06 14:17:03 - LED2 received command ON
2017-02-06 14:17:03 - taster state updated to CLOSED
2017-02-06 14:17:03 - taster state updated to CLOSED
2017-02-06 14:17:05 - LED2 received command OFF
2017-02-06 14:17:07 - taster state updated to OPEN
2017-02-06 14:17:07 - LED2 received command ON
2017-02-06 14:17:07 - taster state updated to CLOSED
2017-02-06 14:17:09 - LED2 received command OFF
2017-02-06 14:17:12 - taster state updated to OPEN
2017-02-06 14:17:12 - LED2 received command ON
2017-02-06 14:17:12 - taster state updated to CLOSED
2017-02-06 14:17:14 - LED2 received command OFF
2017-02-06 14:17:20 - camSwitch received command ON
2017-02-06 14:17:20 - camSwitch received command OFF
2017-02-06 14:17:21 - camSwitch received command ON
2017-02-06 14:17:21 - camSwitch received command OFF
2017-02-06 14:17:21 - camSwitch received command ON
2017-02-06 14:17:22 - camSwitch received command OFF
2017-02-06 14:17:23 - tuerSwitch received command ON
2017-02-06 14:17:23 - raspiLED received command ON
2017-02-06 14:17:23 - tuerSwitch received command OFF
2017-02-06 14:17:23 - raspiLED received command OFF
2017-02-06 14:17:23 - tuerSwitch received command ON
2017-02-06 14:17:23 - raspiLED received command ON
2017-02-06 14:17:24 - tuerSwitch received command OFF
2017-02-06 14:17:24 - raspiLED received command OFF
2017-02-06 14:17:25 - tuerSwitch received command ON
2017-02-06 14:17:25 - raspiLED received command ON
2017-02-06 14:17:25 - tuerSwitch received command OFF
2017-02-06 14:17:26 - raspiLED received command OFF
2017-02-06 14:17:26 - tuerSwitch received command ON
2017-02-06 14:17:26 - raspiLED received command ON
2017-02-06 14:17:26 - tuerSwitch received command OFF
2017-02-06 14:17:26 - raspiLED received command OFF
2017-02-06 14:17:27 - tuerSwitch received command ON
2017-02-06 14:17:27 - raspiLED received command ON
2017-02-06 14:17:28 - tuerSwitch received command OFF
2017-02-06 14:17:28 - raspiLED received command OFF
2017-02-06 14:17:28 - camSwitch received command ON
2017-02-06 14:17:29 - camSwitch received command OFF
2017-02-06 14:17:30 - camSwitch received command ON
2017-02-06 14:17:31 - camSwitch received command OFF
2017-02-06 14:17:32 - tuerSwitch received command ON
2017-02-06 14:17:32 - raspiLED received command ON
2017-02-06 14:17:33 - tuerSwitch received command OFF
2017-02-06 14:17:33 - raspiLED received command OFF
2017-02-06 14:17:33 - tuerSwitch received command ON
2017-02-06 14:17:33 - raspiLED received command ON
2017-02-06 14:17:33 - tuerSwitch received command OFF
2017-02-06 14:17:33 - raspiLED received command OFF
2017-02-06 14:17:34 - tuerSwitch received command ON
2017-02-06 14:17:34 - raspiLED received command ON
2017-02-06 14:17:34 - tuerSwitch received command OFF
2017-02-06 14:17:34 - raspiLED received command OFF
2017-02-06 14:17:34 - tuerSwitch received command ON
2017-02-06 14:17:34 - raspiLED received command ON
2017-02-06 14:17:34 - tuerSwitch received command OFF
2017-02-06 14:17:34 - raspiLED received command OFF
2017-02-06 14:17:35 - tuerSwitch received command ON
2017-02-06 14:17:35 - raspiLED received command ON
2017-02-06 14:17:35 - tuerSwitch received command OFF
2017-02-06 14:17:35 - raspiLED received command OFF
2017-02-06 14:17:35 - tuerSwitch received command ON
2017-02-06 14:17:35 - raspiLED received command ON
2017-02-06 14:17:36 - tuerSwitch received command OFF
2017-02-06 14:17:36 - raspiLED received command OFF
2017-02-06 14:17:36 - tuerSwitch received command ON
2017-02-06 14:17:36 - raspiLED received command ON
2017-02-06 14:17:36 - tuerSwitch received command OFF
2017-02-06 14:17:36 - raspiLED received command OFF
2017-02-06 14:17:36 - tuerSwitch received command ON
2017-02-06 14:17:36 - raspiLED received command ON
2017-02-06 14:17:36 - tuerSwitch received command OFF
2017-02-06 14:17:36 - raspiLED received command OFF
2017-02-06 14:17:36 - tuerSwitch received command ON
2017-02-06 14:17:36 - raspiLED received command ON
2017-02-06 14:17:37 - tuerSwitch received command OFF
2017-02-06 14:17:37 - raspiLED received command OFF
2017-02-06 14:17:37 - tuerSwitch received command ON
2017-02-06 14:17:37 - raspiLED received command ON
2017-02-06 14:17:37 - tuerSwitch received command OFF
2017-02-06 14:17:37 - raspiLED received command OFF
2017-02-06 14:17:37 - tuerSwitch received command ON
2017-02-06 14:17:37 - raspiLED received command ON
2017-02-06 14:17:37 - tuerSwitch received command OFF
2017-02-06 14:17:37 - raspiLED received command OFF
2017-02-06 14:17:38 - tuerSwitch received command ON
2017-02-06 14:17:38 - raspiLED received command ON
2017-02-06 14:17:38 - tuerSwitch received command OFF
2017-02-06 14:17:38 - raspiLED received command OFF
2017-02-06 14:17:38 - tuerSwitch received command ON
2017-02-06 14:17:38 - raspiLED received command ON
2017-02-06 14:17:38 - tuerSwitch received command OFF
2017-02-06 14:17:38 - raspiLED received command OFF
2017-02-06 14:17:39 - tuerSwitch received command ON
2017-02-06 14:17:39 - raspiLED received command ON
2017-02-06 14:17:39 - tuerSwitch received command OFF
2017-02-06 14:17:39 - raspiLED received command OFF
2017-02-06 14:17:39 - tuerSwitch received command ON
2017-02-06 14:17:39 - raspiLED received command ON
2017-02-06 14:17:39 - tuerSwitch received command OFF
2017-02-06 14:17:39 - raspiLED received command OFF
2017-02-06 14:17:39 - tuerSwitch received command ON
2017-02-06 14:17:39 - raspiLED received command ON
2017-02-06 14:17:39 - tuerSwitch received command OFF
2017-02-06 14:17:39 - raspiLED received command OFF
2017-02-06 14:17:40 - tuerSwitch received command ON
2017-02-06 14:17:40 - raspiLED received command ON
2017-02-06 14:17:40 - tuerSwitch received command OFF
2017-02-06 14:17:40 - raspiLED received command OFF
2017-02-06 14:17:40 - tuerSwitch received command ON
2017-02-06 14:17:40 - raspiLED received command ON
2017-02-06 14:17:40 - tuerSwitch received command OFF
2017-02-06 14:17:40 - raspiLED received command OFF
2017-02-06 14:17:40 - tuerSwitch received command ON
2017-02-06 14:17:40 - raspiLED received command ON
2017-02-06 14:17:40 - tuerSwitch received command OFF
2017-02-06 14:17:40 - raspiLED received command OFF
2017-02-06 14:17:41 - camSwitch received command ON
2017-02-06 14:17:53 - camSwitch received command OFF
2017-02-06 14:17:55 - camSwitch received command ON
2017-02-06 14:18:03 - tuerSwitch received command ON
2017-02-06 14:18:03 - raspiLED received command ON
2017-02-06 14:18:11 - tuerSwitch received command OFF
2017-02-06 14:18:11 - raspiLED received command OFF
2017-02-06 14:18:19 - tuerSwitch received command ON
2017-02-06 14:18:19 - raspiLED received command ON
2017-02-06 14:18:21 - camSwitch received command OFF
2017-02-06 14:18:23 - camSwitch received command ON
2017-02-06 14:18:27 - camSwitch received command OFF
2017-02-06 14:18:28 - camSwitch received command ON
2017-02-06 14:18:33 - tuerSwitch received command OFF
2017-02-06 14:18:33 - raspiLED received command OFF
2017-02-06 14:18:36 - tuerSwitch received command ON
2017-02-06 14:18:36 - raspiLED received command ON
2017-02-06 14:18:38 - tuerSwitch received command OFF
2017-02-06 14:18:38 - raspiLED received command OFF
2017-02-06 14:18:40 - tuerSwitch received command ON
2017-02-06 14:18:40 - raspiLED received command ON
2017-02-06 14:18:41 - taster state updated to OPEN
2017-02-06 14:18:41 - LED2 received command ON
2017-02-06 14:18:41 - taster state updated to OPEN
2017-02-06 14:18:41 - taster state updated to OPEN
2017-02-06 14:18:41 - taster state updated to CLOSED
2017-02-06 14:18:42 - taster state updated to OPEN
2017-02-06 14:18:42 - LED2 received command ON
2017-02-06 14:18:42 - taster state updated to CLOSED
2017-02-06 14:18:43 - LED2 received command OFF
2017-02-06 14:18:44 - LED2 received command OFF
2017-02-06 14:18:46 - camSwitch received command OFF
2017-02-06 14:18:49 - camSwitch received command ON
2017-02-06 14:18:53 - tuerSwitch received command OFF
2017-02-06 14:18:53 - raspiLED received command OFF
2017-02-06 14:18:56 - camSwitch received command OFF
2017-02-06 14:18:58 - tuerSwitch received command ON
2017-02-06 14:18:58 - raspiLED received command ON
2017-02-06 14:18:59 - tuerSwitch received command OFF
2017-02-06 14:18:59 - raspiLED received command OFF
2017-02-06 14:19:00 - camSwitch received command ON
2017-02-06 14:19:02 - taster state updated to OPEN
2017-02-06 14:19:02 - LED2 received command ON
2017-02-06 14:19:02 - taster state updated to CLOSED
2017-02-06 14:19:04 - LED2 received command OFF
2017-02-06 14:19:04 - taster state updated to OPEN
2017-02-06 14:19:04 - LED2 received command ON
2017-02-06 14:19:04 - taster state updated to OPEN
2017-02-06 14:19:04 - taster state updated to OPEN
2017-02-06 14:19:04 - taster state updated to OPEN
2017-02-06 14:19:04 - taster state updated to OPEN
2017-02-06 14:19:04 - taster state updated to OPEN
2017-02-06 14:19:04 - taster state updated to CLOSED
2017-02-06 14:19:06 - LED2 received command OFF
2017-02-06 14:19:24 - camSwitch received command OFF
2017-02-06 14:19:25 - camSwitch received command ON
2017-02-06 14:19:57 - camSwitch received command OFF
2017-02-06 14:19:58 - camSwitch received command ON
2017-02-06 14:20:02 - camSwitch received command OFF
2017-02-06 14:20:04 - camSwitch received command ON
2017-02-06 14:20:08 - tuerSwitch received command ON
2017-02-06 14:20:08 - raspiLED received command ON
2017-02-06 14:20:10 - tuerSwitch received command OFF
2017-02-06 14:20:10 - raspiLED received command OFF
2017-02-06 14:20:15 - camSwitch received command OFF
2017-02-06 14:20:16 - camSwitch received command ON
2017-02-06 14:20:21 - tuerSwitch received command ON
2017-02-06 14:20:21 - raspiLED received command ON
2017-02-06 14:20:24 - tuerSwitch received command OFF
2017-02-06 14:20:24 - raspiLED received command OFF
2017-02-06 14:20:28 - camSwitch received command OFF
2017-02-06 14:20:29 - camSwitch received command ON
2017-02-06 14:20:51 - taster state updated to OPEN
2017-02-06 14:20:51 - LED2 received command ON
2017-02-06 14:20:51 - taster state updated to OPEN
2017-02-06 14:20:51 - taster state updated to CLOSED
2017-02-06 14:20:53 - LED2 received command OFF
2017-02-06 14:20:55 - camSwitch received command OFF
2017-02-06 14:20:56 - camSwitch received command ON
2017-02-06 14:21:00 - tuerSwitch received command ON
2017-02-06 14:21:00 - raspiLED received command ON
2017-02-06 14:21:02 - tuerSwitch received command OFF
2017-02-06 14:21:02 - raspiLED received command OFF
2017-02-06 14:21:06 - camSwitch received command OFF
2017-02-06 14:21:07 - camSwitch received command ON
2017-02-06 14:21:18 - taster state updated to OPEN
2017-02-06 14:21:18 - LED2 received command ON
2017-02-06 14:21:19 - taster state updated to OPEN
2017-02-06 14:21:19 - taster state updated to OPEN
2017-02-06 14:21:19 - taster state updated to OPEN
2017-02-06 14:21:19 - taster state updated to OPEN
2017-02-06 14:21:19 - taster state updated to CLOSED
2017-02-06 14:21:20 - LED2 received command OFF
2017-02-06 14:21:22 - camSwitch received command OFF
2017-02-06 14:21:23 - camSwitch received command ON
2017-02-06 14:21:27 - camSwitch received command OFF
2017-02-06 14:21:28 - camSwitch received command ON
2017-02-06 14:21:31 - camSwitch received command OFF
2017-02-06 14:21:32 - camSwitch received command ON
2017-02-06 14:21:34 - taster state updated to OPEN
2017-02-06 14:21:34 - LED2 received command ON
2017-02-06 14:21:34 - taster state updated to OPEN
2017-02-06 14:21:34 - taster state updated to CLOSED
2017-02-06 14:21:36 - LED2 received command OFF
2017-02-06 14:21:49 - tuerSwitch received command ON
2017-02-06 14:21:49 - raspiLED received command ON
2017-02-06 14:21:51 - tuerSwitch received command OFF
2017-02-06 14:21:51 - raspiLED received command OFF
2017-02-06 14:22:06 - tuerSwitch received command ON
2017-02-06 14:22:06 - raspiLED received command ON
2017-02-06 14:22:08 - tuerSwitch received command OFF
2017-02-06 14:22:08 - raspiLED received command OFF
2017-02-06 14:22:09 - camSwitch received command OFF
2017-02-06 14:22:11 - taster state updated to OPEN
2017-02-06 14:22:11 - LED2 received command ON
2017-02-06 14:22:11 - taster state updated to CLOSED
2017-02-06 14:22:13 - LED2 received command OFF
2017-02-06 14:22:13 - taster state updated to OPEN
2017-02-06 14:22:13 - LED2 received command ON
2017-02-06 14:22:13 - taster state updated to CLOSED
2017-02-06 14:22:14 - tuerSwitch received command ON
2017-02-06 14:22:14 - raspiLED received command ON
2017-02-06 14:22:15 - LED2 received command OFF
2017-02-06 14:22:16 - tuerSwitch received command OFF
2017-02-06 14:22:16 - raspiLED received command OFF
2017-02-06 14:22:33 - camSwitch received command ON
2017-02-06 14:22:35 - tuerSwitch received command ON
2017-02-06 14:22:35 - raspiLED received command ON
2017-02-06 14:23:04 - camSwitch received command OFF
2017-02-06 14:23:05 - tuerSwitch received command OFF
2017-02-06 14:23:05 - raspiLED received command OFF
2017-02-06 14:23:22 - camSwitch received command OFF
2017-02-06 14:23:24 - camSwitch received command ON
2017-02-06 14:23:24 - taster state updated to OPEN
2017-02-06 14:23:24 - LED2 received command ON
2017-02-06 14:23:25 - taster state updated to OPEN
2017-02-06 14:23:25 - taster state updated to CLOSED
2017-02-06 14:23:26 - LED2 received command OFF
2017-02-06 14:23:27 - tuerSwitch received command OFF
2017-02-06 14:23:27 - raspiLED received command OFF
2017-02-06 14:23:29 - tuerSwitch received command ON
2017-02-06 14:23:29 - raspiLED received command ON
2017-02-06 14:23:31 - tuerSwitch received command OFF
2017-02-06 14:23:31 - raspiLED received command OFF
2017-02-06 14:23:36 - tuerSwitch received command OFF
2017-02-06 14:23:36 - camSwitch received command OFF
2017-02-06 14:23:36 - raspiLED received command OFF
2017-02-06 14:23:38 - tuerSwitch received command ON
2017-02-06 14:23:38 - raspiLED received command ON
2017-02-06 14:23:40 - camSwitch received command ON
2017-02-06 14:24:18 - camSwitch received command OFF
2017-02-06 14:24:50 - camSwitch received command OFF
2017-02-06 14:24:51 - tuerSwitch received command OFF
2017-02-06 14:24:51 - raspiLED received command OFF
2017-02-06 14:25:04 - camSwitch received command ON
2017-02-06 14:25:30 - taster state updated to OPEN
2017-02-06 14:25:30 - LED2 received command ON
2017-02-06 14:25:30 - taster state updated to CLOSED
2017-02-06 14:25:32 - LED2 received command OFF
2017-02-06 14:26:00 - sagenAuswahl received command 0
2017-02-06 14:26:10 - sagenAuswahl received command 1
2017-02-06 14:26:41 - sagenAuswahl received command 3
2017-02-06 14:26:43 - sagenAuswahl received command 0
2017-02-06 14:26:45 - sagenAuswahl received command 3
2017-02-06 14:26:48 - taster state updated to OPEN
2017-02-06 14:26:48 - LED2 received command ON
2017-02-06 14:26:48 - taster state updated to OPEN
2017-02-06 14:26:48 - taster state updated to OPEN
2017-02-06 14:26:48 - taster state updated to OPEN
2017-02-06 14:26:48 - taster state updated to OPEN
2017-02-06 14:26:48 - taster state updated to CLOSED
2017-02-06 14:26:49 - camSwitch received command OFF
2017-02-06 14:26:50 - LED2 received command OFF
2017-02-06 14:26:51 - camSwitch received command ON
2017-02-06 14:26:57 - taster state updated to OPEN
2017-02-06 14:26:57 - LED2 received command ON
2017-02-06 14:26:57 - taster state updated to CLOSED
2017-02-06 14:26:57 - tuerSwitch received command ON
2017-02-06 14:26:57 - raspiLED received command ON
2017-02-06 14:26:59 - tuerSwitch received command OFF
2017-02-06 14:26:59 - raspiLED received command OFF
2017-02-06 14:26:59 - LED2 received command OFF
2017-02-06 14:27:00 - taster state updated to OPEN
2017-02-06 14:27:00 - LED2 received command ON
2017-02-06 14:27:00 - taster state updated to CLOSED
2017-02-06 14:27:02 - LED2 received command OFF
2017-02-06 14:27:04 - camSwitch received command OFF
2017-02-06 14:27:04 - camSwitch received command OFF
2017-02-06 14:27:06 - camSwitch received command ON
2017-02-06 14:27:21 - taster state updated to OPEN
2017-02-06 14:27:21 - LED2 received command ON
2017-02-06 14:27:21 - taster state updated to CLOSED
2017-02-06 14:27:23 - LED2 received command OFF
2017-02-06 14:27:24 - taster state updated to CLOSED
2017-02-06 14:27:24 - taster state updated to OPEN
2017-02-06 14:27:24 - taster state updated to CLOSED
2017-02-06 14:27:24 - taster state updated to OPEN
2017-02-06 14:27:24 - LED2 received command ON
2017-02-06 14:27:24 - LED2 received command ON
2017-02-06 14:27:24 - taster state updated to OPEN
2017-02-06 14:27:24 - taster state updated to OPEN
2017-02-06 14:27:24 - taster state updated to OPEN
2017-02-06 14:27:24 - taster state updated to OPEN
2017-02-06 14:27:24 - taster state updated to CLOSED
2017-02-06 14:27:25 - taster state updated to OPEN
2017-02-06 14:27:25 - LED2 received command ON
2017-02-06 14:27:25 - taster state updated to OPEN
2017-02-06 14:27:25 - taster state updated to OPEN
2017-02-06 14:27:25 - taster state updated to CLOSED
2017-02-06 14:27:26 - LED2 received command OFF
2017-02-06 14:27:26 - LED2 received command OFF
2017-02-06 14:27:27 - LED2 received command OFF
2017-02-06 14:28:55 - taster state updated to CLOSED
2017-02-06 14:28:55 - taster state updated to OPEN
2017-02-06 14:28:55 - LED2 received command ON
2017-02-06 14:28:55 - taster state updated to CLOSED
2017-02-06 14:28:57 - LED2 received command OFF
2017-02-06 14:28:59 - taster state updated to OPEN
2017-02-06 14:28:59 - LED2 received command ON
2017-02-06 14:29:00 - taster state updated to OPEN
2017-02-06 14:29:00 - taster state updated to CLOSED
2017-02-06 14:29:02 - LED2 received command OFF
2017-02-06 14:29:10 - taster state updated to OPEN
2017-02-06 14:29:10 - LED2 received command ON
2017-02-06 14:29:10 - taster state updated to OPEN
2017-02-06 14:29:10 - taster state updated to OPEN
2017-02-06 14:29:10 - taster state updated to OPEN
2017-02-06 14:29:10 - taster state updated to CLOSED
2017-02-06 14:29:12 - LED2 received command OFF
2017-02-06 14:29:23 - taster state updated to OPEN
2017-02-06 14:29:23 - LED2 received command ON
2017-02-06 14:29:23 - taster state updated to CLOSED
2017-02-06 14:29:25 - LED2 received command OFF
2017-02-06 14:29:42 - taster state updated to OPEN
2017-02-06 14:29:42 - LED2 received command ON
2017-02-06 14:29:42 - taster state updated to CLOSED
2017-02-06 14:29:44 - LED2 received command OFF
2017-02-06 14:30:46 - taster state updated to OPEN
2017-02-06 14:30:46 - LED2 received command ON
2017-02-06 14:30:46 - taster state updated to OPEN
2017-02-06 14:30:46 - taster state updated to CLOSED
2017-02-06 14:30:48 - LED2 received command OFF
2017-02-06 14:32:19 - taster state updated to OPEN
2017-02-06 14:32:19 - LED2 received command ON
2017-02-06 14:32:19 - taster state updated to CLOSED
2017-02-06 14:32:21 - LED2 received command OFF
2017-02-06 14:35:14 - taster state updated to OPEN
2017-02-06 14:35:14 - LED2 received command ON
2017-02-06 14:35:14 - taster state updated to CLOSED
2017-02-06 14:35:14 - taster state updated to OPEN
2017-02-06 14:35:14 - LED2 received command ON
2017-02-06 14:35:14 - taster state updated to OPEN
2017-02-06 14:35:14 - taster state updated to CLOSED
2017-02-06 14:35:16 - LED2 received command OFF
2017-02-06 14:35:16 - LED2 received command OFF
2017-02-06 14:36:54 - LED2 state updated to Undefined
2017-02-06 14:36:56 - taster state updated to Undefined
2017-02-06 14:36:56 - raspiLED state updated to Undefined
2017-02-06 14:36:56 - raspiLED state updated to OFF
2017-02-06 14:36:57 - taster state updated to CLOSED
2017-02-06 14:36:57 - LED2 state updated to OFF
2017-02-06 14:37:23 - camSwitch received command ON
2017-02-06 14:37:47 - tuerSwitch received command ON
2017-02-06 14:37:47 - raspiLED received command ON
2017-02-06 14:37:55 - tuerSwitch received command OFF
2017-02-06 14:37:55 - raspiLED received command OFF
2017-02-06 14:38:11 - tuerSwitch received command ON
2017-02-06 14:38:11 - raspiLED received command ON
2017-02-06 14:38:20 - tuerSwitch received command OFF
2017-02-06 14:38:20 - raspiLED received command OFF
2017-02-06 14:38:22 - camSwitch received command OFF
2017-02-06 14:39:29 - taster state updated to OPEN
2017-02-06 14:39:29 - LED2 received command ON
2017-02-06 14:39:31 - LED2 received command OFF
2017-02-06 14:39:33 - taster state updated to OPEN
2017-02-06 14:39:35 - taster state updated to OPEN
2017-02-06 14:39:36 - taster state updated to OPEN
2017-02-06 14:39:37 - tuerSwitch received command ON
2017-02-06 14:39:37 - raspiLED received command ON
2017-02-06 14:39:39 - tuerSwitch received command OFF
2017-02-06 14:39:39 - raspiLED received command OFF
2017-02-06 14:39:40 - taster state updated to OPEN
2017-02-06 14:39:43 - taster state updated to OPEN
2017-02-06 14:39:49 - taster state updated to OPEN
2017-02-06 14:39:54 - sagenAuswahl received command 0
2017-02-06 14:40:01 - taster state updated to CLOSED
2017-02-06 14:40:03 - sagenAuswahl received command 0
2017-02-06 14:40:09 - tuerSwitch received command ON
2017-02-06 14:40:09 - raspiLED received command ON
2017-02-06 14:40:10 - camSwitch received command ON
2017-02-06 14:40:15 - taster state updated to CLOSED
2017-02-06 14:40:28 - camSwitch received command ON
2017-02-06 14:40:40 - taster state updated to CLOSED
2017-02-06 14:40:46 - taster state updated to OPEN
2017-02-06 14:40:46 - LED2 received command ON
2017-02-06 14:40:48 - LED2 received command OFF
2017-02-06 14:40:52 - taster state updated to OPEN
2017-02-06 14:41:05 - taster state updated to OPEN
2017-02-06 14:41:11 - taster state updated to OPEN
2017-02-06 14:41:12 - taster state updated to OPEN
2017-02-06 14:43:35 - raspiLED state updated to OFF
2017-02-06 14:43:35 - taster state updated to CLOSED
2017-02-06 14:43:35 - LED2 state updated to OFF
2017-02-06 14:43:39 - taster state updated to OPEN
2017-02-06 14:43:39 - taster state updated to CLOSED
2017-02-06 14:43:40 - LED2 received command ON
2017-02-06 14:43:42 - LED2 received command OFF
2017-02-06 14:43:44 - taster state updated to OPEN
2017-02-06 14:43:44 - LED2 received command ON
2017-02-06 14:43:44 - taster state updated to CLOSED
2017-02-06 14:43:46 - LED2 received command OFF
2017-02-06 14:43:46 - taster state updated to OPEN
2017-02-06 14:43:46 - LED2 received command ON
2017-02-06 14:43:46 - taster state updated to CLOSED
2017-02-06 14:43:48 - LED2 received command OFF
2017-02-06 14:43:58 - taster state updated to OPEN
2017-02-06 14:43:58 - LED2 received command ON
2017-02-06 14:43:58 - taster state updated to CLOSED
2017-02-06 14:44:00 - taster state updated to OPEN
2017-02-06 14:44:00 - LED2 received command ON
2017-02-06 14:44:00 - taster state updated to CLOSED
2017-02-06 14:44:00 - LED2 received command OFF
2017-02-06 14:44:02 - LED2 received command OFF
2017-02-06 14:44:39 - taster state updated to OPEN
2017-02-06 14:44:39 - LED2 received command ON
2017-02-06 14:44:39 - taster state updated to OPEN
2017-02-06 14:44:41 - LED2 received command OFF
2017-02-06 14:45:12 - taster state updated to OPEN
2017-02-06 14:45:12 - taster state updated to CLOSED
2017-02-06 14:45:12 - taster state updated to CLOSED
2017-02-06 14:45:15 - taster state updated to OPEN
2017-02-06 14:45:15 - LED2 received command ON
2017-02-06 14:45:15 - taster state updated to CLOSED
2017-02-06 14:45:17 - LED2 received command OFF
2017-02-06 14:45:34 - camSwitch received command ON
2017-02-06 14:45:43 - taster state updated to OPEN
2017-02-06 14:45:43 - LED2 received command ON
2017-02-06 14:45:43 - taster state updated to CLOSED
2017-02-06 14:45:45 - LED2 received command OFF
2017-02-06 14:46:37 - tuerSwitch received command ON
2017-02-06 14:46:37 - raspiLED received command ON
2017-02-06 14:46:38 - tuerSwitch received command OFF
2017-02-06 14:46:39 - raspiLED received command OFF
2017-02-06 14:49:07 - camSwitch received command OFF
2017-02-06 14:49:17 - camSwitch received command ON
2017-02-06 14:49:29 - sagenAuswahl received command 1
2017-02-06 14:49:30 - taster state updated to Undefined
2017-02-06 14:49:30 - LED2 state updated to Undefined
2017-02-06 14:49:30 - raspiLED state updated to Undefined
2017-02-06 14:49:30 - tuerSwitch received command ON
2017-02-06 14:49:31 - raspiLED state updated to OFF
2017-02-06 14:49:31 - raspiLED received command ON
2017-02-06 14:49:31 - taster state updated to CLOSED
2017-02-06 14:49:32 - LED2 state updated to OFF
2017-02-06 14:49:34 - tuerSwitch received command OFF
2017-02-06 14:49:35 - raspiLED received command OFF
2017-02-06 14:49:42 - sagenAuswahl received command 1
2017-02-06 14:49:42 - camSwitch received command ON
2017-02-06 14:52:24 - tuerSwitch received command ON
2017-02-06 14:52:24 - raspiLED received command ON
2017-02-06 14:52:29 - tuerSwitch received command OFF
2017-02-06 14:52:29 - raspiLED received command OFF
2017-02-06 14:52:45 - camSwitch received command OFF
2017-02-06 14:53:31 - tuerSwitch received command ON
2017-02-06 14:53:31 - raspiLED received command ON
2017-02-06 14:54:34 - taster state updated to Undefined
2017-02-06 14:54:34 - LED2 state updated to Undefined
2017-02-06 14:54:34 - raspiLED state updated to Undefined
2017-02-06 14:54:34 - raspiLED state updated to OFF
2017-02-06 14:54:35 - taster state updated to CLOSED
2017-02-06 14:54:35 - LED2 state updated to OFF
2017-02-06 14:54:42 - tuerSwitch received command OFF
2017-02-06 14:54:42 - raspiLED received command OFF
2017-02-06 14:54:43 - tuerSwitch received command ON
2017-02-06 14:54:43 - raspiLED received command ON
2017-02-06 14:54:46 - tuerSwitch received command OFF
2017-02-06 14:54:46 - raspiLED received command OFF
2017-02-06 14:54:46 - tuerSwitch received command OFF
2017-02-06 14:54:46 - raspiLED received command OFF
2017-02-06 14:54:47 - tuerSwitch received command ON
2017-02-06 14:54:47 - raspiLED received command ON
2017-02-06 14:54:47 - tuerSwitch received command OFF
2017-02-06 14:54:47 - raspiLED received command OFF
2017-02-06 14:54:48 - tuerSwitch received command ON
2017-02-06 14:54:48 - raspiLED received command ON
2017-02-06 14:54:48 - tuerSwitch received command OFF
2017-02-06 14:54:48 - raspiLED received command OFF
2017-02-06 14:54:49 - tuerSwitch received command ON
2017-02-06 14:54:49 - raspiLED received command ON
2017-02-06 14:54:49 - tuerSwitch received command OFF
2017-02-06 14:54:49 - raspiLED received command OFF
2017-02-06 14:54:50 - tuerSwitch received command ON
2017-02-06 14:54:50 - raspiLED received command ON
2017-02-06 14:54:56 - tuerSwitch received command OFF
2017-02-06 14:54:56 - raspiLED received command OFF
2017-02-06 14:54:56 - tuerSwitch received command ON
2017-02-06 14:54:56 - raspiLED received command ON
2017-02-06 14:54:56 - tuerSwitch received command OFF
2017-02-06 14:54:56 - raspiLED received command OFF
2017-02-06 14:54:57 - tuerSwitch received command ON
2017-02-06 14:54:57 - raspiLED received command ON
2017-02-06 14:55:00 - tuerSwitch received command ON
2017-02-06 14:55:00 - raspiLED received command ON
2017-02-06 14:55:03 - tuerSwitch received command OFF
2017-02-06 14:55:03 - tuerSwitch received command ON
2017-02-06 14:55:03 - raspiLED received command OFF
2017-02-06 14:55:03 - raspiLED received command ON
2017-02-06 14:55:04 - tuerSwitch received command OFF
2017-02-06 14:55:04 - raspiLED received command OFF
2017-02-06 14:55:12 - tuerSwitch received command ON
2017-02-06 14:55:12 - raspiLED received command ON
2017-02-06 14:55:26 - tuerSwitch received command OFF
2017-02-06 14:55:26 - raspiLED received command OFF
2017-02-06 14:55:33 - tuerSwitch received command ON
2017-02-06 14:55:33 - raspiLED received command ON
2017-02-06 14:55:39 - tuerSwitch received command OFF
2017-02-06 14:55:39 - raspiLED received command OFF
2017-02-06 14:56:39 - tuerSwitch received command ON
2017-02-06 14:56:39 - raspiLED received command ON
2017-02-06 14:56:42 - tuerSwitch received command OFF
2017-02-06 14:56:42 - raspiLED received command OFF
2017-02-06 14:56:46 - tuerSwitch received command ON
2017-02-06 14:56:46 - raspiLED received command ON
2017-02-06 14:56:53 - tuerSwitch received command OFF
2017-02-06 14:56:53 - raspiLED received command OFF
2017-02-06 14:56:57 - tuerSwitch received command ON
2017-02-06 14:56:57 - raspiLED received command ON
2017-02-06 14:56:59 - tuerSwitch received command OFF
2017-02-06 14:56:59 - raspiLED received command OFF
2017-02-06 14:57:00 - sagenAuswahl received command 2
2017-02-06 14:57:32 - tuerSwitch received command ON
2017-02-06 14:57:32 - raspiLED received command ON
2017-02-06 14:57:32 - tuerSwitch received command OFF
2017-02-06 14:57:32 - raspiLED received command OFF
2017-02-06 14:57:37 - tuerSwitch received command ON
2017-02-06 14:57:37 - raspiLED received command ON
2017-02-06 14:57:38 - tuerSwitch received command ON
2017-02-06 14:57:38 - raspiLED received command ON
2017-02-06 14:57:39 - tuerSwitch received command OFF
2017-02-06 14:57:39 - raspiLED received command OFF
2017-02-06 14:57:40 - tuerSwitch received command ON
2017-02-06 14:57:40 - raspiLED received command ON
2017-02-06 14:57:41 - tuerSwitch received command OFF
2017-02-06 14:57:41 - raspiLED received command OFF
2017-02-06 14:57:41 - tuerSwitch received command ON
2017-02-06 14:57:41 - raspiLED received command ON
2017-02-06 14:57:42 - tuerSwitch received command OFF
2017-02-06 14:57:42 - raspiLED received command OFF
2017-02-06 14:57:48 - tuerSwitch received command OFF
2017-02-06 14:57:48 - raspiLED received command OFF
2017-02-06 15:18:03 - sagenAuswahl received command 1
2017-02-06 15:18:05 - tuerSwitch received command ON
2017-02-06 15:18:05 - raspiLED received command ON
2017-02-06 15:18:40 - sagenAuswahl received command 3
2017-02-06 15:19:41 - sagenAuswahl received command 0
2017-02-06 15:20:20 - tuerSwitch received command OFF
2017-02-06 15:20:20 - raspiLED received command OFF
2017-02-06 15:20:24 - tuerSwitch received command ON
2017-02-06 15:20:24 - raspiLED received command ON
2017-02-06 15:20:29 - tuerSwitch received command OFF
2017-02-06 15:20:29 - raspiLED received command OFF
2017-02-06 15:20:49 - sagenAuswahl received command 2
2017-02-06 15:21:23 - tuerSwitch received command ON
2017-02-06 15:21:23 - raspiLED received command ON
2017-02-06 15:21:25 - tuerSwitch received command OFF
2017-02-06 15:21:26 - raspiLED received command OFF
2017-02-06 15:21:31 - sagenAuswahl received command 1
2017-02-06 15:21:44 - sagenAuswahl received command 0
2017-02-06 15:21:49 - sagenAuswahl received command 3
2017-02-06 15:22:48 - taster state updated to Undefined
2017-02-06 15:22:48 - LED2 state updated to Undefined
2017-02-06 15:22:48 - raspiLED state updated to Undefined
2017-02-06 15:22:48 - raspiLED state updated to OFF
2017-02-06 15:22:49 - taster state updated to CLOSED
2017-02-06 15:22:49 - LED2 state updated to OFF
2017-02-06 15:22:53 - tuerSwitch received command ON
2017-02-06 15:22:54 - raspiLED received command ON
2017-02-06 15:22:55 - tuerSwitch received command OFF
2017-02-06 15:22:55 - raspiLED received command OFF
2017-02-06 15:24:28 - tuerSwitch received command ON
2017-02-06 15:24:28 - raspiLED received command ON
2017-02-06 15:24:44 - tuerSwitch received command OFF
2017-02-06 15:24:44 - raspiLED received command OFF
2017-02-06 15:24:49 - tuerSwitch received command ON
2017-02-06 15:24:49 - raspiLED received command ON
2017-02-06 15:24:52 - tuerSwitch received command OFF
2017-02-06 15:24:52 - raspiLED received command OFF
2017-02-06 15:24:53 - tuerSwitch received command ON
2017-02-06 15:24:53 - raspiLED received command ON
2017-02-06 15:24:54 - tuerSwitch received command OFF
2017-02-06 15:24:54 - raspiLED received command OFF
2017-02-06 15:27:12 - taster state updated to Undefined
2017-02-06 15:27:12 - LED2 state updated to Undefined
2017-02-06 15:27:12 - raspiLED state updated to Undefined
2017-02-06 15:27:12 - raspiLED state updated to OFF
2017-02-06 15:27:13 - taster state updated to CLOSED
2017-02-06 15:27:13 - LED2 state updated to OFF
2017-02-06 15:30:25 - taster state updated to CLOSED
2017-02-06 15:30:25 - taster state updated to CLOSED
2017-02-06 15:30:26 - taster state updated to CLOSED
2017-02-06 15:36:39 - tuerSwitch received command ON
2017-02-06 15:36:39 - raspiLED received command ON
2017-02-06 15:45:21 - raspiLED state updated to OFF
2017-02-06 15:45:21 - taster state updated to CLOSED
2017-02-06 15:45:21 - LED2 state updated to OFF
2017-02-06 16:04:40 - taster state updated to OPEN
2017-02-06 16:04:40 - taster state updated to CLOSED
2017-02-06 16:04:41 - LED2 received command ON
2017-02-06 16:04:43 - LED2 received command OFF
2017-02-06 16:04:50 - taster state updated to OPEN
2017-02-06 16:04:50 - LED2 received command ON
2017-02-06 16:04:50 - taster state updated to CLOSED
2017-02-06 16:04:52 - LED2 received command OFF
2017-02-06 16:04:53 - taster state updated to OPEN
2017-02-06 16:04:53 - LED2 received command ON
2017-02-06 16:04:53 - taster state updated to OPEN
2017-02-06 16:04:53 - taster state updated to CLOSED
2017-02-06 16:04:55 - LED2 received command OFF
2017-02-06 16:06:45 - taster state updated to OPEN
2017-02-06 16:06:45 - LED2 received command ON
2017-02-06 16:06:45 - taster state updated to CLOSED
2017-02-06 16:06:47 - LED2 received command OFF
2017-02-06 16:44:24 - camSwitch received command ON
2017-02-06 16:44:25 - raspiLED state updated to Undefined
2017-02-06 16:44:27 - taster state updated to Undefined
2017-02-06 16:44:27 - LED2 state updated to Undefined
2017-02-06 16:44:27 - raspiLED state updated to OFF
2017-02-06 16:44:28 - taster state updated to CLOSED
2017-02-06 16:44:28 - LED2 state updated to OFF
2017-02-06 16:44:37 - camSwitch received command ON
2017-02-06 16:44:50 - camSwitch received command OFF
2017-02-06 16:47:36 - camSwitch received command ON
2017-02-06 16:47:41 - camSwitch received command OFF
2017-02-06 16:47:52 - camSwitch received command ON
2017-02-06 16:47:54 - camSwitch received command OFF
2017-02-06 16:52:06 - raspiLED state updated to OFF
2017-02-06 16:52:06 - taster state updated to CLOSED
2017-02-06 16:52:06 - LED2 state updated to OFF
2017-02-06 16:55:09 - camSwitch received command ON
2017-02-06 17:07:07 - camSwitch received command OFF
2017-02-06 17:07:19 - camSwitch received command ON
2017-02-06 17:07:20 - camSwitch received command OFF
2017-02-06 17:07:23 - camSwitch received command ON
2017-02-06 17:07:23 - camSwitch received command OFF
2017-02-06 17:07:26 - tuerSwitch received command ON
2017-02-06 17:07:26 - raspiLED received command ON
2017-02-06 17:07:28 - tuerSwitch received command OFF
2017-02-06 17:07:28 - raspiLED received command OFF
2017-02-06 17:07:51 - camSwitch received command ON
2017-02-06 17:08:07 - camSwitch received command OFF
2017-02-06 17:08:26 - camSwitch received command ON
2017-02-06 17:08:49 - camSwitch received command OFF
2017-02-06 17:08:51 - camSwitch received command ON
2017-02-06 17:09:37 - camSwitch received command OFF
2017-02-06 17:09:41 - camSwitch received command ON
2017-02-06 17:11:35 - camSwitch received command OFF
2017-02-06 17:11:37 - camSwitch received command ON
2017-02-06 17:12:09 - camSwitch received command OFF
2017-02-06 17:12:35 - camSwitch received command ON
2017-02-06 17:16:14 - camSwitch received command OFF
2017-02-06 17:16:33 - camSwitch received command ON
2017-02-06 17:18:28 - camSwitch received command OFF
2017-02-06 17:18:43 - camSwitch received command ON
2017-02-06 17:18:52 - camSwitch received command OFF
2017-02-06 17:18:59 - camSwitch received command ON
2017-02-06 17:19:19 - camSwitch received command OFF
2017-02-06 17:20:40 - camSwitch received command ON
2017-02-06 17:20:54 - camSwitch received command OFF
2017-02-06 17:21:28 - camSwitch received command ON
2017-02-06 17:21:29 - camSwitch received command OFF
2017-02-06 17:21:33 - tuerSwitch received command ON
2017-02-06 17:21:33 - raspiLED received command ON
2017-02-06 17:21:36 - tuerSwitch received command OFF
2017-02-06 17:21:36 - raspiLED received command OFF
2017-02-06 17:21:37 - tuerSwitch received command ON
2017-02-06 17:21:37 - raspiLED received command ON
2017-02-06 17:21:37 - tuerSwitch received command OFF
2017-02-06 17:21:37 - raspiLED received command OFF
2017-02-06 17:21:45 - camSwitch received command ON
2017-02-06 17:21:48 - tuerSwitch received command ON
2017-02-06 17:21:48 - raspiLED received command ON
2017-02-06 17:21:49 - tuerSwitch received command OFF
2017-02-06 17:21:49 - raspiLED received command OFF
2017-02-06 17:21:50 - tuerSwitch received command ON
2017-02-06 17:21:50 - raspiLED received command ON
2017-02-06 17:21:50 - tuerSwitch received command OFF
2017-02-06 17:21:50 - raspiLED received command OFF
2017-02-06 17:21:51 - tuerSwitch received command ON
2017-02-06 17:21:51 - raspiLED received command ON
2017-02-06 17:21:51 - tuerSwitch received command OFF
2017-02-06 17:21:51 - raspiLED received command OFF
2017-02-06 17:21:57 - camSwitch received command OFF
2017-02-06 17:21:58 - camSwitch received command ON
2017-02-06 17:22:02 - camSwitch received command OFF
2017-02-06 17:22:05 - camSwitch received command ON
2017-02-06 17:22:34 - camSwitch received command OFF
2017-02-06 17:22:43 - camSwitch received command ON
2017-02-06 17:22:54 - camSwitch received command OFF
2017-02-06 17:24:00 - camSwitch received command ON
2017-02-06 17:24:03 - camSwitch received command ON
2017-02-06 17:24:26 - camSwitch received command OFF
2017-02-06 17:24:42 - taster state updated to OPEN
2017-02-06 17:24:42 - LED2 received command ON
2017-02-06 17:24:42 - taster state updated to OPEN
2017-02-06 17:24:45 - LED2 received command OFF
2017-02-06 17:24:56 - camSwitch received command ON
2017-02-06 17:25:10 - camSwitch received command ON
2017-02-06 17:25:52 - taster state updated to OPEN
2017-02-06 17:25:52 - taster state updated to CLOSED
2017-02-06 17:25:57 - taster state updated to CLOSED
2017-02-06 17:25:57 - taster state updated to CLOSED
2017-02-06 17:26:04 - taster state updated to OPEN
2017-02-06 17:26:04 - camSwitch received command ON
2017-02-06 17:26:04 - taster state updated to CLOSED
2017-02-06 17:26:04 - LED2 received command ON
2017-02-06 17:26:06 - LED2 received command OFF
2017-02-06 17:26:24 - camSwitch received command OFF
2017-02-06 17:26:45 - camSwitch received command OFF
2017-02-06 17:26:46 - camSwitch received command ON
2017-02-06 17:26:59 - taster state updated to OPEN
2017-02-06 17:26:59 - camSwitch received command ON
2017-02-06 17:26:59 - LED2 received command ON
2017-02-06 17:26:59 - taster state updated to CLOSED
2017-02-06 17:27:01 - LED2 received command OFF
2017-02-06 17:27:40 - taster state updated to OPEN
2017-02-06 17:27:40 - camSwitch received command ON
2017-02-06 17:27:40 - LED2 received command ON
2017-02-06 17:27:40 - taster state updated to CLOSED
2017-02-06 17:27:42 - LED2 received command OFF
2017-02-06 17:27:42 - taster state updated to CLOSED
2017-02-06 17:27:42 - taster state updated to OPEN
2017-02-06 17:27:42 - camSwitch received command ON
2017-02-06 17:27:42 - LED2 received command ON
2017-02-06 17:27:42 - taster state updated to CLOSED
2017-02-06 17:27:43 - taster state updated to CLOSED
2017-02-06 17:27:43 - taster state updated to OPEN
2017-02-06 17:27:43 - camSwitch received command ON
2017-02-06 17:27:43 - LED2 received command ON
2017-02-06 17:27:43 - taster state updated to CLOSED
2017-02-06 17:27:44 - taster state updated to OPEN
2017-02-06 17:27:44 - camSwitch received command ON
2017-02-06 17:27:44 - LED2 received command ON
2017-02-06 17:27:44 - taster state updated to OPEN
2017-02-06 17:27:44 - taster state updated to OPEN
2017-02-06 17:27:44 - taster state updated to OPEN
2017-02-06 17:27:44 - taster state updated to CLOSED
2017-02-06 17:27:44 - LED2 received command OFF
2017-02-06 17:27:45 - LED2 received command OFF
2017-02-06 17:27:45 - taster state updated to OPEN
2017-02-06 17:27:45 - camSwitch received command ON
2017-02-06 17:27:45 - LED2 received command ON
2017-02-06 17:27:45 - taster state updated to CLOSED
2017-02-06 17:27:46 - LED2 received command OFF
2017-02-06 17:27:46 - taster state updated to CLOSED
2017-02-06 17:27:46 - taster state updated to CLOSED
2017-02-06 17:27:46 - taster state updated to CLOSED
2017-02-06 17:27:46 - taster state updated to CLOSED
2017-02-06 17:27:46 - taster state updated to CLOSED
2017-02-06 17:27:46 - taster state updated to CLOSED
2017-02-06 17:27:46 - taster state updated to CLOSED
2017-02-06 17:27:47 - LED2 received command OFF
2017-02-06 17:27:58 - camSwitch received command OFF
2017-02-06 17:28:13 - camSwitch received command ON
2017-02-06 17:28:40 - camSwitch received command ON
2017-02-06 17:29:54 - tuerSwitch received command ON
2017-02-06 17:29:54 - raspiLED received command ON
2017-02-06 17:29:56 - tuerSwitch received command OFF
2017-02-06 17:29:56 - raspiLED received command OFF
2017-02-06 17:29:58 - tuerSwitch received command ON
2017-02-06 17:29:58 - raspiLED received command ON
2017-02-06 17:29:59 - tuerSwitch received command OFF
2017-02-06 17:29:59 - raspiLED received command OFF
2017-02-06 17:32:12 - raspiLED state updated to OFF
2017-02-06 17:32:12 - taster state updated to CLOSED
2017-02-06 17:32:12 - LED2 state updated to OFF
2017-02-06 17:32:21 - taster state updated to OPEN
2017-02-06 17:32:21 - taster state updated to CLOSED
2017-02-06 17:32:22 - camSwitch received command ON
2017-02-06 17:32:22 - LED2 received command ON
2017-02-06 17:32:24 - LED2 received command OFF
2017-02-06 17:32:35 - camSwitch received command ON
2017-02-06 17:32:38 - camSwitch received command OFF
2017-02-06 17:33:01 - camSwitch received command ON
2017-02-06 17:34:48 - tuerSwitch received command ON
2017-02-06 17:34:49 - raspiLED received command ON
2017-02-06 17:34:54 - tuerSwitch received command OFF
2017-02-06 17:34:54 - raspiLED received command OFF
2017-02-06 17:34:59 - tuerSwitch received command ON
2017-02-06 17:34:59 - raspiLED received command ON
2017-02-06 17:35:01 - tuerSwitch received command OFF
2017-02-06 17:35:01 - raspiLED received command OFF
2017-02-06 17:35:06 - camSwitch received command OFF
2017-02-06 17:35:07 - camSwitch received command ON
2017-02-06 17:36:14 - camSwitch received command OFF
2017-02-06 17:36:23 - camSwitch received command ON
2017-02-06 17:36:37 - camSwitch received command OFF
2017-02-06 17:36:45 - camSwitch received command ON
2017-02-06 17:37:18 - camSwitch received command ON
2017-02-06 17:38:49 - taster state updated to OPEN
2017-02-06 17:38:49 - camSwitch received command ON
2017-02-06 17:38:49 - LED2 received command ON
2017-02-06 17:38:49 - taster state updated to CLOSED
2017-02-06 17:38:51 - LED2 received command OFF
2017-02-06 17:39:14 - taster state updated to CLOSED
2017-02-06 17:39:14 - taster state updated to OPEN
2017-02-06 17:39:14 - camSwitch received command ON
2017-02-06 17:39:14 - LED2 received command ON
2017-02-06 17:39:14 - taster state updated to CLOSED
2017-02-06 17:39:16 - LED2 received command OFF
2017-02-06 17:39:21 - tuerSwitch received command ON
2017-02-06 17:39:21 - raspiLED received command ON
2017-02-06 17:39:38 - tuerSwitch received command OFF
2017-02-06 17:39:38 - raspiLED received command OFF
2017-02-06 17:39:47 - tuerSwitch received command ON
2017-02-06 17:39:47 - raspiLED received command ON
2017-02-06 17:39:50 - tuerSwitch received command ON
2017-02-06 17:39:50 - raspiLED received command ON
2017-02-06 17:39:52 - tuerSwitch received command OFF
2017-02-06 17:39:52 - raspiLED received command OFF
2017-02-06 17:40:00 - tuerSwitch received command OFF
2017-02-06 17:40:00 - raspiLED received command OFF
2017-02-06 17:40:36 - tuerSwitch received command ON
2017-02-06 17:40:36 - raspiLED received command ON
2017-02-06 17:40:42 - camSwitch received command OFF
2017-02-06 17:40:45 - camSwitch received command ON
2017-02-06 17:40:54 - taster state updated to OPEN
2017-02-06 17:40:54 - camSwitch received command ON
2017-02-06 17:40:54 - LED2 received command ON
2017-02-06 17:40:54 - taster state updated to CLOSED
2017-02-06 17:40:56 - LED2 received command OFF
2017-02-06 17:41:52 - camSwitch received command OFF
2017-02-06 17:41:58 - camSwitch received command ON
2017-02-06 17:42:25 - camSwitch received command OFF
2017-02-06 17:42:30 - tuerSwitch received command OFF
2017-02-06 17:42:30 - raspiLED received command OFF
2017-02-06 17:43:36 - taster state updated to OPEN
2017-02-06 17:43:36 - camSwitch received command ON
2017-02-06 17:43:36 - LED2 received command ON
2017-02-06 17:43:36 - taster state updated to CLOSED
2017-02-06 17:43:38 - LED2 received command OFF
2017-02-06 17:45:18 - raspiLED state updated to OFF
2017-02-06 17:45:18 - taster state updated to CLOSED
2017-02-06 17:45:18 - LED2 state updated to OFF
2017-02-06 17:45:26 - camSwitch received command ON
2017-02-06 17:45:59 - tuerSwitch received command ON
2017-02-06 17:46:00 - raspiLED received command ON
2017-02-06 17:46:01 - tuerSwitch received command OFF
2017-02-06 17:46:02 - raspiLED received command OFF
2017-02-06 17:46:05 - camSwitch received command OFF
2017-02-06 17:46:13 - camSwitch received command ON
2017-02-06 17:47:23 - raspiLED state updated to OFF
2017-02-06 17:47:23 - taster state updated to CLOSED
2017-02-06 17:47:23 - LED2 state updated to OFF
2017-02-06 17:49:15 - camSwitch received command ON
2017-02-06 17:49:17 - camSwitch received command ON
2017-02-06 17:49:17 - camSwitch received command OFF
2017-02-06 17:49:29 - camSwitch received command OFF
2017-02-06 17:49:33 - camSwitch received command ON
2017-02-06 17:49:41 - tuerSwitch received command ON
2017-02-06 17:49:41 - raspiLED received command ON
2017-02-06 17:49:45 - camSwitch received command ON
2017-02-06 17:50:13 - tuerSwitch received command OFF
2017-02-06 17:50:13 - raspiLED received command OFF
2017-02-06 17:50:14 - tuerSwitch received command ON
2017-02-06 17:50:14 - raspiLED received command ON
2017-02-06 17:50:15 - tuerSwitch received command OFF
2017-02-06 17:50:15 - raspiLED received command OFF
2017-02-06 17:50:16 - tuerSwitch received command ON
2017-02-06 17:50:16 - raspiLED received command ON
2017-02-06 17:51:00 - tuerSwitch received command OFF
2017-02-06 17:51:00 - raspiLED received command OFF
2017-02-06 17:51:01 - tuerSwitch received command ON
2017-02-06 17:51:01 - raspiLED received command ON
2017-02-06 17:51:02 - tuerSwitch received command OFF
2017-02-06 17:51:02 - raspiLED received command OFF
2017-02-06 17:51:04 - tuerSwitch received command ON
2017-02-06 17:51:04 - raspiLED received command ON
2017-02-06 17:51:06 - tuerSwitch received command OFF
2017-02-06 17:51:06 - raspiLED received command OFF
2017-02-06 17:51:07 - tuerSwitch received command ON
2017-02-06 17:51:07 - raspiLED received command ON
2017-02-06 17:51:17 - taster state updated to OPEN
2017-02-06 17:51:17 - taster state updated to CLOSED
2017-02-06 17:51:17 - taster state updated to OPEN
2017-02-06 17:51:17 - camSwitch received command ON
2017-02-06 17:51:17 - taster state updated to CLOSED
2017-02-06 17:51:17 - camSwitch received command ON
2017-02-06 17:51:17 - LED2 received command ON
2017-02-06 17:51:17 - LED2 received command ON
2017-02-06 17:51:19 - LED2 received command OFF
2017-02-06 17:51:19 - LED2 received command OFF
2017-02-06 17:51:23 - taster state updated to OPEN
2017-02-06 17:51:23 - camSwitch received command ON
2017-02-06 17:51:23 - LED2 received command ON
2017-02-06 17:51:23 - taster state updated to OPEN
2017-02-06 17:51:23 - taster state updated to CLOSED
2017-02-06 17:51:25 - LED2 received command OFF
2017-02-07 15:15:37 - raspiLED state updated to OFF
2017-02-07 15:15:37 - taster state updated to CLOSED
2017-02-07 15:15:37 - LED2 state updated to OFF
2017-02-07 15:16:04 - taster state updated to CLOSED
2017-02-07 15:16:04 - sagenAuswahl received command 0
2017-02-07 15:16:09 - taster state updated to CLOSED
2017-02-07 15:17:12 - taster state updated to CLOSED
2017-02-07 15:17:12 - taster state updated to CLOSED
2017-02-07 15:17:27 - taster state updated to OPEN
2017-02-07 15:17:27 - taster state updated to OPEN
2017-02-07 15:17:27 - taster state updated to OPEN
2017-02-07 15:17:27 - taster state updated to CLOSED
2017-02-07 15:17:27 - taster state updated to OPEN
2017-02-07 15:17:27 - taster state updated to OPEN
2017-02-07 15:17:27 - camSwitch received command ON
2017-02-07 15:17:27 - camSwitch received command ON
2017-02-07 15:17:27 - LED2 received command ON
2017-02-07 15:17:27 - LED2 received command ON
2017-02-07 15:17:29 - LED2 received command OFF
2017-02-07 15:17:29 - LED2 received command OFF
2017-02-07 15:17:33 - taster state updated to OPEN
2017-02-07 15:17:33 - taster state updated to OPEN
2017-02-07 15:17:33 - taster state updated to CLOSED
2017-02-07 15:17:33 - taster state updated to OPEN
2017-02-07 15:17:33 - taster state updated to OPEN
2017-02-07 15:17:33 - camSwitch received command ON
2017-02-07 15:17:33 - LED2 received command ON
2017-02-07 15:17:35 - LED2 received command OFF
2017-02-07 15:18:42 - taster state updated to CLOSED
2017-02-07 15:19:02 - taster state updated to OPEN
2017-02-07 15:19:02 - camSwitch received command ON
2017-02-07 15:19:02 - LED2 received command ON
2017-02-07 15:19:02 - taster state updated to CLOSED
2017-02-07 15:19:04 - LED2 received command OFF
2017-02-07 15:26:22 - taster state updated to Undefined
2017-02-07 15:26:22 - LED2 state updated to Undefined
2017-02-07 15:26:22 - raspiLED state updated to Undefined
2017-02-07 15:26:23 - raspiLED state updated to OFF
2017-02-07 15:26:23 - taster state updated to CLOSED
2017-02-07 15:26:24 - LED2 state updated to OFF
2017-02-07 15:27:08 - camSwitch received command ON
2017-02-07 15:27:18 - camSwitch received command OFF
2017-02-07 15:27:27 - camSwitch received command ON
2017-02-07 15:27:50 - camSwitch received command OFF
2017-02-07 15:30:35 - camSwitch received command ON
2017-02-07 15:30:44 - camSwitch received command OFF
2017-02-07 15:39:55 - camSwitch received command ON
2017-02-07 15:40:14 - camSwitch received command OFF
2017-02-07 15:40:53 - camSwitch received command ON
2017-02-07 15:41:18 - camSwitch received command OFF
2017-02-07 15:45:47 - camSwitch received command ON
2017-02-07 15:46:14 - taster state updated to OPEN
2017-02-07 15:46:14 - taster state updated to OPEN
2017-02-07 15:46:14 - taster state updated to OPEN
2017-02-07 15:46:14 - camSwitch received command ON
2017-02-07 15:46:14 - taster state updated to CLOSED
2017-02-07 15:46:14 - LED2 received command ON
2017-02-07 15:46:17 - LED2 received command OFF
2017-02-07 15:46:31 - sagenAuswahl received command 1
2017-02-07 15:49:21 - taster state updated to OPEN
2017-02-07 15:49:21 - camSwitch received command ON
2017-02-07 15:49:21 - LED2 received command ON
2017-02-07 15:49:21 - taster state updated to CLOSED
2017-02-07 15:49:23 - taster state updated to CLOSED
2017-02-07 15:49:23 - taster state updated to OPEN
2017-02-07 15:49:23 - camSwitch received command ON
2017-02-07 15:49:23 - LED2 received command ON
2017-02-07 15:49:23 - LED2 received command OFF
2017-02-07 15:49:25 - LED2 received command OFF
2017-02-07 15:49:47 - sagenAuswahl received command 3
2017-02-07 15:50:52 - taster state updated to OPEN
2017-02-07 15:50:52 - taster state updated to CLOSED
2017-02-07 15:51:04 - tuerSwitch received command ON
2017-02-07 15:51:04 - raspiLED received command ON
2017-02-07 15:51:09 - tuerSwitch received command OFF
2017-02-07 15:51:09 - raspiLED received command OFF
2017-02-07 15:51:10 - taster state updated to OPEN
2017-02-07 15:51:10 - camSwitch received command ON
2017-02-07 15:51:10 - LED2 received command ON
2017-02-07 15:51:10 - taster state updated to OPEN
2017-02-07 15:51:12 - LED2 received command OFF
2017-02-07 15:56:13 - taster state updated to OPEN
2017-02-07 15:56:14 - taster state updated to CLOSED
2017-02-07 15:56:14 - taster state updated to OPEN
2017-02-07 15:56:14 - camSwitch received command ON
2017-02-07 15:56:14 - LED2 received command ON
2017-02-07 15:56:14 - taster state updated to CLOSED
2017-02-07 15:56:14 - taster state updated to OPEN
2017-02-07 15:56:14 - camSwitch received command ON
2017-02-07 15:56:14 - LED2 received command ON
2017-02-07 15:56:15 - taster state updated to OPEN
2017-02-07 15:56:15 - taster state updated to OPEN
2017-02-07 15:56:15 - taster state updated to CLOSED
2017-02-07 15:56:16 - taster state updated to OPEN
2017-02-07 15:56:16 - camSwitch received command ON
2017-02-07 15:56:16 - LED2 received command ON
2017-02-07 15:56:16 - taster state updated to CLOSED
2017-02-07 15:56:16 - taster state updated to OPEN
2017-02-07 15:56:16 - camSwitch received command ON
2017-02-07 15:56:16 - LED2 received command ON
2017-02-07 15:56:16 - taster state updated to CLOSED
2017-02-07 15:56:16 - LED2 received command OFF
2017-02-07 15:56:16 - taster state updated to OPEN
2017-02-07 15:56:16 - camSwitch received command ON
2017-02-07 15:56:16 - LED2 received command ON
2017-02-07 15:56:16 - taster state updated to OPEN
2017-02-07 15:56:16 - taster state updated to OPEN
2017-02-07 15:56:16 - taster state updated to CLOSED
2017-02-07 15:56:16 - LED2 received command OFF
2017-02-07 15:56:18 - taster state updated to CLOSED
2017-02-07 15:56:18 - LED2 received command OFF
2017-02-07 15:56:18 - LED2 received command OFF
2017-02-07 15:56:18 - taster state updated to CLOSED
2017-02-07 15:56:18 - LED2 received command OFF
2017-02-07 15:56:18 - taster state updated to CLOSED
2017-02-07 15:56:18 - taster state updated to OPEN
2017-02-07 15:56:18 - camSwitch received command ON
2017-02-07 15:56:18 - LED2 received command ON
2017-02-07 15:56:18 - taster state updated to CLOSED
2017-02-07 15:56:20 - LED2 received command OFF
2017-02-07 15:56:39 - tuerSwitch received command ON
2017-02-07 15:56:39 - raspiLED received command ON
2017-02-07 15:56:47 - tuerSwitch received command OFF
2017-02-07 15:56:47 - raspiLED received command OFF
